Mon Jul 19 16:05:07 CST 2021

                            < M A T L A B (R) >
                  Copyright 1984-2017 The MathWorks, Inc.
                   R2017a (9.2.0.538062) 64-bit (glnxa64)
                             February 23, 2017

 
To get started, type one of these: helpwin, helpdesk, or demo.
For product information, visit www.mathworks.com.
 
/data-x/g15/qinchuan/Spatial/imresize-256/ADV-EMB-Pytorch/SiaStegNet/SUNIWARD/payload_0.4/
/data-x/g15/qinchuan/feature/Spatial/imresize-256/SRM/
feature extraction started.
feature extraction complete.
/data-x/g15/qinchuan/feature/Spatial/imresize-256/SRM/cover.mat
/data-x/g15/qinchuan/feature/Spatial/imresize-256/SRM/ADV-EMB-Pytorch_SiaStegNet_SUNIWARD_payload_0.4.mat
# -------------------------
# Ensemble classification
#  - Training samples: 30000 (15000/15000)
#  - Feature-space dimensionality: 34671
#  - L : automatic (min 25, max 500, length 50, eps 0.00500)
#  - d_sub : automatic (Eoob tolerance 0.0200, step 200)
#  - Seed 1 (subspaces) : 295312910
#  - Seed 2 (bootstrap) : 388330345
# -------------------------

 - d_sub 200 : OOB 0.4310 : L 1 : T 0.4 sec
 - d_sub 200 : OOB 0.3965 : L 2 : T 0.4 sec
 - d_sub 200 : OOB 0.3653 : L 3 : T 0.5 sec
 - d_sub 200 : OOB 0.3495 : L 4 : T 0.5 sec
 - d_sub 200 : OOB 0.3378 : L 5 : T 0.6 sec
 - d_sub 200 : OOB 0.3283 : L 6 : T 0.7 sec
 - d_sub 200 : OOB 0.3226 : L 7 : T 0.7 sec
 - d_sub 200 : OOB 0.3172 : L 8 : T 0.7 sec
 - d_sub 200 : OOB 0.3155 : L 9 : T 0.8 sec
 - d_sub 200 : OOB 0.3121 : L 10 : T 0.8 sec
 - d_sub 200 : OOB 0.3095 : L 11 : T 0.9 sec
 - d_sub 200 : OOB 0.3075 : L 12 : T 0.9 sec
 - d_sub 200 : OOB 0.3054 : L 13 : T 1.0 sec
 - d_sub 200 : OOB 0.3032 : L 14 : T 1.0 sec
 - d_sub 200 : OOB 0.3039 : L 15 : T 1.0 sec
 - d_sub 200 : OOB 0.3014 : L 16 : T 1.1 sec
 - d_sub 200 : OOB 0.3008 : L 17 : T 1.1 sec
 - d_sub 200 : OOB 0.3003 : L 18 : T 1.2 sec
 - d_sub 200 : OOB 0.3003 : L 19 : T 1.2 sec
 - d_sub 200 : OOB 0.2992 : L 20 : T 1.3 sec
 - d_sub 200 : OOB 0.2983 : L 21 : T 1.3 sec
 - d_sub 200 : OOB 0.2982 : L 22 : T 1.3 sec
 - d_sub 200 : OOB 0.2970 : L 23 : T 1.4 sec
 - d_sub 200 : OOB 0.2971 : L 24 : T 1.4 sec
 - d_sub 200 : OOB 0.2963 : L 25 : T 1.5 sec
 - d_sub 200 : OOB 0.2965 : L 26 : T 1.6 sec
 - d_sub 200 : OOB 0.2959 : L 27 : T 1.6 sec
 - d_sub 200 : OOB 0.2960 : L 28 : T 1.6 sec
 - d_sub 200 : OOB 0.2959 : L 29 : T 1.7 sec
 - d_sub 200 : OOB 0.2946 : L 30 : T 1.7 sec
 - d_sub 200 : OOB 0.2951 : L 31 : T 1.8 sec
 - d_sub 200 : OOB 0.2942 : L 32 : T 1.8 sec
 - d_sub 200 : OOB 0.2946 : L 33 : T 1.9 sec
 - d_sub 200 : OOB 0.2940 : L 34 : T 1.9 sec
 - d_sub 200 : OOB 0.2941 : L 35 : T 2.0 sec
 - d_sub 200 : OOB 0.2936 : L 36 : T 2.0 sec
 - d_sub 200 : OOB 0.2928 : L 37 : T 2.0 sec
 - d_sub 200 : OOB 0.2921 : L 38 : T 2.1 sec
 - d_sub 200 : OOB 0.2916 : L 39 : T 2.1 sec
 - d_sub 200 : OOB 0.2922 : L 40 : T 2.2 sec
 - d_sub 200 : OOB 0.2924 : L 41 : T 2.2 sec
 - d_sub 200 : OOB 0.2908 : L 42 : T 2.2 sec
 - d_sub 200 : OOB 0.2901 : L 43 : T 2.3 sec
 - d_sub 200 : OOB 0.2900 : L 44 : T 2.3 sec
 - d_sub 200 : OOB 0.2902 : L 45 : T 2.4 sec
 - d_sub 200 : OOB 0.2901 : L 46 : T 2.4 sec
 - d_sub 200 : OOB 0.2900 : L 47 : T 2.5 sec
 - d_sub 200 : OOB 0.2906 : L 48 : T 2.5 sec
 - d_sub 200 : OOB 0.2889 : L 49 : T 2.5 sec
 - d_sub 200 : OOB 0.2895 : L 50 : T 2.6 sec
 - d_sub 200 : OOB 0.2894 : L 51 : T 2.6 sec
 - d_sub 200 : OOB 0.2904 : L 52 : T 2.7 sec
 - d_sub 200 : OOB 0.2898 : L 53 : T 2.7 sec
 - d_sub 200 : OOB 0.2893 : L 54 : T 2.8 sec
 - d_sub 200 : OOB 0.2893 : L 55 : T 2.8 sec
 - d_sub 200 : OOB 0.2891 : L 56 : T 2.8 sec
 - d_sub 200 : OOB 0.2891 : L 57 : T 2.9 sec
 - d_sub 200 : OOB 0.2888 : L 58 : T 2.9 sec
 - d_sub 200 : OOB 0.2888 : L 59 : T 3.0 sec
 - d_sub 200 : OOB 0.2894 : L 60 : T 3.0 sec
 - d_sub 200 : OOB 0.2897 : L 61 : T 3.0 sec
 - d_sub 200 : OOB 0.2897 : L 62 : T 3.1 sec
 - d_sub 200 : OOB 0.2887 : L 63 : T 3.1 sec
 - d_sub 200 : OOB 0.2883 : L 64 : T 3.2 sec
 - d_sub 200 : OOB 0.2889 : L 65 : T 3.2 sec
 - d_sub 200 : OOB 0.2884 : L 66 : T 3.2 sec
 - d_sub 200 : OOB 0.2890 : L 67 : T 3.3 sec
 - d_sub 200 : OOB 0.2895 : L 68 : T 3.3 sec
 - d_sub 200 : OOB 0.2892 : L 69 : T 3.4 sec
 - d_sub 200 : OOB 0.2890 : L 70 : T 3.4 sec
 - d_sub 200 : OOB 0.2884 : L 71 : T 3.5 sec
 - d_sub 200 : OOB 0.2882 : L 72 : T 3.5 sec
 - d_sub 200 : OOB 0.2884 : L 73 : T 3.5 sec
 - d_sub 200 : OOB 0.2888 : L 74 : T 3.6 sec
 - d_sub 200 : OOB 0.2888 : L 75 : T 3.6 sec
 - d_sub 200 : OOB 0.2883 : L 76 : T 3.7 sec
 - d_sub 200 : OOB 0.2880 : L 77 : T 3.7 sec
 - d_sub 200 : OOB 0.2870 : L 78 : T 3.7 sec
 - d_sub 200 : OOB 0.2872 : L 79 : T 3.8 sec
 - d_sub 200 : OOB 0.2868 : L 80 : T 3.8 sec
 - d_sub 200 : OOB 0.2874 : L 81 : T 3.9 sec
 - d_sub 200 : OOB 0.2868 : L 82 : T 3.9 sec
 - d_sub 200 : OOB 0.2868 : L 83 : T 4.0 sec
 - d_sub 200 : OOB 0.2867 : L 84 : T 4.0 sec
 - d_sub 200 : OOB 0.2872 : L 85 : T 4.0 sec
 - d_sub 200 : OOB 0.2872 : L 86 : T 4.1 sec
 - d_sub 200 : OOB 0.2875 : L 87 : T 4.1 sec

 - d_sub 400 : OOB 0.4284 : L 1 : T 0.1 sec
 - d_sub 400 : OOB 0.3859 : L 2 : T 0.2 sec
 - d_sub 400 : OOB 0.3552 : L 3 : T 0.2 sec
 - d_sub 400 : OOB 0.3338 : L 4 : T 0.3 sec
 - d_sub 400 : OOB 0.3199 : L 5 : T 0.4 sec
 - d_sub 400 : OOB 0.3092 : L 6 : T 0.5 sec
 - d_sub 400 : OOB 0.3017 : L 7 : T 0.5 sec
 - d_sub 400 : OOB 0.2981 : L 8 : T 0.6 sec
 - d_sub 400 : OOB 0.2951 : L 9 : T 0.7 sec
 - d_sub 400 : OOB 0.2913 : L 10 : T 0.8 sec
 - d_sub 400 : OOB 0.2889 : L 11 : T 0.8 sec
 - d_sub 400 : OOB 0.2875 : L 12 : T 0.9 sec
 - d_sub 400 : OOB 0.2851 : L 13 : T 1.0 sec
 - d_sub 400 : OOB 0.2826 : L 14 : T 1.1 sec
 - d_sub 400 : OOB 0.2812 : L 15 : T 1.1 sec
 - d_sub 400 : OOB 0.2823 : L 16 : T 1.2 sec
 - d_sub 400 : OOB 0.2806 : L 17 : T 1.3 sec
 - d_sub 400 : OOB 0.2795 : L 18 : T 1.4 sec
 - d_sub 400 : OOB 0.2785 : L 19 : T 1.4 sec
 - d_sub 400 : OOB 0.2765 : L 20 : T 1.5 sec
 - d_sub 400 : OOB 0.2769 : L 21 : T 1.6 sec
 - d_sub 400 : OOB 0.2772 : L 22 : T 1.7 sec
 - d_sub 400 : OOB 0.2764 : L 23 : T 1.7 sec
 - d_sub 400 : OOB 0.2754 : L 24 : T 1.8 sec
 - d_sub 400 : OOB 0.2751 : L 25 : T 1.9 sec
 - d_sub 400 : OOB 0.2753 : L 26 : T 2.0 sec
 - d_sub 400 : OOB 0.2750 : L 27 : T 2.0 sec
 - d_sub 400 : OOB 0.2751 : L 28 : T 2.1 sec
 - d_sub 400 : OOB 0.2738 : L 29 : T 2.2 sec
 - d_sub 400 : OOB 0.2735 : L 30 : T 2.3 sec
 - d_sub 400 : OOB 0.2738 : L 31 : T 2.3 sec
 - d_sub 400 : OOB 0.2729 : L 32 : T 2.4 sec
 - d_sub 400 : OOB 0.2733 : L 33 : T 2.5 sec
 - d_sub 400 : OOB 0.2738 : L 34 : T 2.6 sec
 - d_sub 400 : OOB 0.2733 : L 35 : T 2.6 sec
 - d_sub 400 : OOB 0.2728 : L 36 : T 2.7 sec
 - d_sub 400 : OOB 0.2728 : L 37 : T 2.8 sec
 - d_sub 400 : OOB 0.2719 : L 38 : T 2.9 sec
 - d_sub 400 : OOB 0.2727 : L 39 : T 2.9 sec
 - d_sub 400 : OOB 0.2724 : L 40 : T 3.0 sec
 - d_sub 400 : OOB 0.2709 : L 41 : T 3.1 sec
 - d_sub 400 : OOB 0.2715 : L 42 : T 3.2 sec
 - d_sub 400 : OOB 0.2710 : L 43 : T 3.2 sec
 - d_sub 400 : OOB 0.2709 : L 44 : T 3.3 sec
 - d_sub 400 : OOB 0.2699 : L 45 : T 3.4 sec
 - d_sub 400 : OOB 0.2705 : L 46 : T 3.5 sec
 - d_sub 400 : OOB 0.2696 : L 47 : T 3.5 sec
 - d_sub 400 : OOB 0.2701 : L 48 : T 3.6 sec
 - d_sub 400 : OOB 0.2701 : L 49 : T 3.7 sec
 - d_sub 400 : OOB 0.2698 : L 50 : T 3.8 sec
 - d_sub 400 : OOB 0.2694 : L 51 : T 3.9 sec
 - d_sub 400 : OOB 0.2696 : L 52 : T 3.9 sec
 - d_sub 400 : OOB 0.2695 : L 53 : T 4.0 sec
 - d_sub 400 : OOB 0.2691 : L 54 : T 4.1 sec
 - d_sub 400 : OOB 0.2691 : L 55 : T 4.2 sec
 - d_sub 400 : OOB 0.2688 : L 56 : T 4.3 sec
 - d_sub 400 : OOB 0.2685 : L 57 : T 4.3 sec
 - d_sub 400 : OOB 0.2682 : L 58 : T 4.4 sec
 - d_sub 400 : OOB 0.2677 : L 59 : T 4.5 sec
 - d_sub 400 : OOB 0.2676 : L 60 : T 4.6 sec
 - d_sub 400 : OOB 0.2680 : L 61 : T 4.7 sec
 - d_sub 400 : OOB 0.2673 : L 62 : T 4.8 sec
 - d_sub 400 : OOB 0.2679 : L 63 : T 4.9 sec
 - d_sub 400 : OOB 0.2683 : L 64 : T 5.0 sec
 - d_sub 400 : OOB 0.2684 : L 65 : T 5.1 sec
 - d_sub 400 : OOB 0.2677 : L 66 : T 5.2 sec
 - d_sub 400 : OOB 0.2673 : L 67 : T 5.3 sec
 - d_sub 400 : OOB 0.2678 : L 68 : T 5.4 sec
 - d_sub 400 : OOB 0.2678 : L 69 : T 5.4 sec
 - d_sub 400 : OOB 0.2685 : L 70 : T 5.5 sec
 - d_sub 400 : OOB 0.2681 : L 71 : T 5.6 sec
 - d_sub 400 : OOB 0.2680 : L 72 : T 5.7 sec
 - d_sub 400 : OOB 0.2685 : L 73 : T 5.8 sec
 - d_sub 400 : OOB 0.2682 : L 74 : T 5.9 sec
 - d_sub 400 : OOB 0.2674 : L 75 : T 6.0 sec
 - d_sub 400 : OOB 0.2677 : L 76 : T 6.1 sec
 - d_sub 400 : OOB 0.2678 : L 77 : T 6.2 sec
 - d_sub 400 : OOB 0.2679 : L 78 : T 6.2 sec
 - d_sub 400 : OOB 0.2674 : L 79 : T 6.3 sec
 - d_sub 400 : OOB 0.2676 : L 80 : T 6.4 sec
 - d_sub 400 : OOB 0.2676 : L 81 : T 6.5 sec
 - d_sub 400 : OOB 0.2676 : L 82 : T 6.6 sec
 - d_sub 400 : OOB 0.2674 : L 83 : T 6.7 sec
 - d_sub 400 : OOB 0.2680 : L 84 : T 6.8 sec
 - d_sub 400 : OOB 0.2676 : L 85 : T 6.9 sec

 - d_sub 600 : OOB 0.4247 : L 1 : T 0.1 sec
 - d_sub 600 : OOB 0.3809 : L 2 : T 0.3 sec
 - d_sub 600 : OOB 0.3483 : L 3 : T 0.5 sec
 - d_sub 600 : OOB 0.3279 : L 4 : T 0.6 sec
 - d_sub 600 : OOB 0.3149 : L 5 : T 0.8 sec
 - d_sub 600 : OOB 0.3039 : L 6 : T 0.9 sec
 - d_sub 600 : OOB 0.2957 : L 7 : T 1.1 sec
 - d_sub 600 : OOB 0.2907 : L 8 : T 1.2 sec
 - d_sub 600 : OOB 0.2861 : L 9 : T 1.4 sec
 - d_sub 600 : OOB 0.2813 : L 10 : T 1.5 sec
 - d_sub 600 : OOB 0.2792 : L 11 : T 1.7 sec
 - d_sub 600 : OOB 0.2788 : L 12 : T 1.8 sec
 - d_sub 600 : OOB 0.2773 : L 13 : T 2.0 sec
 - d_sub 600 : OOB 0.2750 : L 14 : T 2.1 sec
 - d_sub 600 : OOB 0.2733 : L 15 : T 2.3 sec
 - d_sub 600 : OOB 0.2729 : L 16 : T 2.4 sec
 - d_sub 600 : OOB 0.2720 : L 17 : T 2.6 sec
 - d_sub 600 : OOB 0.2688 : L 18 : T 2.7 sec
 - d_sub 600 : OOB 0.2685 : L 19 : T 2.9 sec
 - d_sub 600 : OOB 0.2693 : L 20 : T 3.0 sec
 - d_sub 600 : OOB 0.2668 : L 21 : T 3.2 sec
 - d_sub 600 : OOB 0.2666 : L 22 : T 3.3 sec
 - d_sub 600 : OOB 0.2662 : L 23 : T 3.5 sec
 - d_sub 600 : OOB 0.2666 : L 24 : T 3.6 sec
 - d_sub 600 : OOB 0.2650 : L 25 : T 3.8 sec
 - d_sub 600 : OOB 0.2656 : L 26 : T 3.9 sec
 - d_sub 600 : OOB 0.2651 : L 27 : T 4.0 sec
 - d_sub 600 : OOB 0.2643 : L 28 : T 4.2 sec
 - d_sub 600 : OOB 0.2641 : L 29 : T 4.3 sec
 - d_sub 600 : OOB 0.2631 : L 30 : T 4.5 sec
 - d_sub 600 : OOB 0.2628 : L 31 : T 4.6 sec
 - d_sub 600 : OOB 0.2629 : L 32 : T 4.7 sec
 - d_sub 600 : OOB 0.2637 : L 33 : T 4.9 sec
 - d_sub 600 : OOB 0.2626 : L 34 : T 5.0 sec
 - d_sub 600 : OOB 0.2625 : L 35 : T 5.2 sec
 - d_sub 600 : OOB 0.2622 : L 36 : T 5.3 sec
 - d_sub 600 : OOB 0.2633 : L 37 : T 5.5 sec
 - d_sub 600 : OOB 0.2635 : L 38 : T 5.6 sec
 - d_sub 600 : OOB 0.2618 : L 39 : T 5.7 sec
 - d_sub 600 : OOB 0.2627 : L 40 : T 5.9 sec
 - d_sub 600 : OOB 0.2628 : L 41 : T 6.0 sec
 - d_sub 600 : OOB 0.2620 : L 42 : T 6.2 sec
 - d_sub 600 : OOB 0.2619 : L 43 : T 6.3 sec
 - d_sub 600 : OOB 0.2619 : L 44 : T 6.4 sec
 - d_sub 600 : OOB 0.2617 : L 45 : T 6.6 sec
 - d_sub 600 : OOB 0.2617 : L 46 : T 6.7 sec
 - d_sub 600 : OOB 0.2617 : L 47 : T 6.9 sec
 - d_sub 600 : OOB 0.2617 : L 48 : T 7.0 sec
 - d_sub 600 : OOB 0.2619 : L 49 : T 7.1 sec
 - d_sub 600 : OOB 0.2611 : L 50 : T 7.3 sec
 - d_sub 600 : OOB 0.2613 : L 51 : T 7.4 sec
 - d_sub 600 : OOB 0.2612 : L 52 : T 7.6 sec
 - d_sub 600 : OOB 0.2611 : L 53 : T 7.7 sec
 - d_sub 600 : OOB 0.2616 : L 54 : T 7.8 sec
 - d_sub 600 : OOB 0.2605 : L 55 : T 8.0 sec
 - d_sub 600 : OOB 0.2609 : L 56 : T 8.1 sec
 - d_sub 600 : OOB 0.2607 : L 57 : T 8.3 sec
 - d_sub 600 : OOB 0.2603 : L 58 : T 8.4 sec
 - d_sub 600 : OOB 0.2606 : L 59 : T 8.5 sec
 - d_sub 600 : OOB 0.2595 : L 60 : T 8.7 sec
 - d_sub 600 : OOB 0.2600 : L 61 : T 8.8 sec
 - d_sub 600 : OOB 0.2604 : L 62 : T 8.9 sec
 - d_sub 600 : OOB 0.2607 : L 63 : T 9.1 sec
 - d_sub 600 : OOB 0.2606 : L 64 : T 9.2 sec
 - d_sub 600 : OOB 0.2594 : L 65 : T 9.4 sec
 - d_sub 600 : OOB 0.2604 : L 66 : T 9.5 sec
 - d_sub 600 : OOB 0.2600 : L 67 : T 9.7 sec
 - d_sub 600 : OOB 0.2601 : L 68 : T 9.8 sec
 - d_sub 600 : OOB 0.2596 : L 69 : T 10.0 sec
 - d_sub 600 : OOB 0.2599 : L 70 : T 10.1 sec
 - d_sub 600 : OOB 0.2597 : L 71 : T 10.3 sec
 - d_sub 600 : OOB 0.2599 : L 72 : T 10.4 sec
 - d_sub 600 : OOB 0.2596 : L 73 : T 10.5 sec
 - d_sub 600 : OOB 0.2596 : L 74 : T 10.7 sec
 - d_sub 600 : OOB 0.2599 : L 75 : T 10.8 sec

 - d_sub 800 : OOB 0.4205 : L 1 : T 0.2 sec
 - d_sub 800 : OOB 0.3755 : L 2 : T 0.4 sec
 - d_sub 800 : OOB 0.3401 : L 3 : T 0.6 sec
 - d_sub 800 : OOB 0.3192 : L 4 : T 0.8 sec
 - d_sub 800 : OOB 0.3059 : L 5 : T 1.0 sec
 - d_sub 800 : OOB 0.2964 : L 6 : T 1.2 sec
 - d_sub 800 : OOB 0.2882 : L 7 : T 1.4 sec
 - d_sub 800 : OOB 0.2829 : L 8 : T 1.6 sec
 - d_sub 800 : OOB 0.2774 : L 9 : T 1.8 sec
 - d_sub 800 : OOB 0.2747 : L 10 : T 2.0 sec
 - d_sub 800 : OOB 0.2743 : L 11 : T 2.2 sec
 - d_sub 800 : OOB 0.2718 : L 12 : T 2.4 sec
 - d_sub 800 : OOB 0.2704 : L 13 : T 2.6 sec
 - d_sub 800 : OOB 0.2690 : L 14 : T 2.8 sec
 - d_sub 800 : OOB 0.2685 : L 15 : T 3.0 sec
 - d_sub 800 : OOB 0.2662 : L 16 : T 3.1 sec
 - d_sub 800 : OOB 0.2668 : L 17 : T 3.3 sec
 - d_sub 800 : OOB 0.2662 : L 18 : T 3.5 sec
 - d_sub 800 : OOB 0.2662 : L 19 : T 3.7 sec
 - d_sub 800 : OOB 0.2637 : L 20 : T 3.9 sec
 - d_sub 800 : OOB 0.2643 : L 21 : T 4.1 sec
 - d_sub 800 : OOB 0.2633 : L 22 : T 4.3 sec
 - d_sub 800 : OOB 0.2634 : L 23 : T 4.5 sec
 - d_sub 800 : OOB 0.2629 : L 24 : T 4.7 sec
 - d_sub 800 : OOB 0.2632 : L 25 : T 4.9 sec
 - d_sub 800 : OOB 0.2618 : L 26 : T 5.0 sec
 - d_sub 800 : OOB 0.2614 : L 27 : T 5.2 sec
 - d_sub 800 : OOB 0.2606 : L 28 : T 5.4 sec
 - d_sub 800 : OOB 0.2602 : L 29 : T 5.6 sec
 - d_sub 800 : OOB 0.2603 : L 30 : T 5.8 sec
 - d_sub 800 : OOB 0.2602 : L 31 : T 6.0 sec
 - d_sub 800 : OOB 0.2600 : L 32 : T 6.2 sec
 - d_sub 800 : OOB 0.2597 : L 33 : T 6.4 sec
 - d_sub 800 : OOB 0.2590 : L 34 : T 6.6 sec
 - d_sub 800 : OOB 0.2588 : L 35 : T 6.8 sec
 - d_sub 800 : OOB 0.2579 : L 36 : T 7.0 sec
 - d_sub 800 : OOB 0.2592 : L 37 : T 7.2 sec
 - d_sub 800 : OOB 0.2586 : L 38 : T 7.4 sec
 - d_sub 800 : OOB 0.2583 : L 39 : T 7.6 sec
 - d_sub 800 : OOB 0.2581 : L 40 : T 7.8 sec
 - d_sub 800 : OOB 0.2582 : L 41 : T 8.0 sec
 - d_sub 800 : OOB 0.2590 : L 42 : T 8.2 sec
 - d_sub 800 : OOB 0.2583 : L 43 : T 8.4 sec
 - d_sub 800 : OOB 0.2585 : L 44 : T 8.6 sec
 - d_sub 800 : OOB 0.2577 : L 45 : T 8.7 sec
 - d_sub 800 : OOB 0.2584 : L 46 : T 8.9 sec
 - d_sub 800 : OOB 0.2574 : L 47 : T 9.1 sec
 - d_sub 800 : OOB 0.2571 : L 48 : T 9.3 sec
 - d_sub 800 : OOB 0.2581 : L 49 : T 9.5 sec
 - d_sub 800 : OOB 0.2576 : L 50 : T 9.7 sec
 - d_sub 800 : OOB 0.2564 : L 51 : T 9.9 sec
 - d_sub 800 : OOB 0.2561 : L 52 : T 10.1 sec
 - d_sub 800 : OOB 0.2562 : L 53 : T 10.3 sec
 - d_sub 800 : OOB 0.2564 : L 54 : T 10.5 sec
 - d_sub 800 : OOB 0.2560 : L 55 : T 10.6 sec
 - d_sub 800 : OOB 0.2550 : L 56 : T 10.8 sec
 - d_sub 800 : OOB 0.2550 : L 57 : T 11.0 sec
 - d_sub 800 : OOB 0.2554 : L 58 : T 11.2 sec
 - d_sub 800 : OOB 0.2555 : L 59 : T 11.4 sec
 - d_sub 800 : OOB 0.2549 : L 60 : T 11.6 sec
 - d_sub 800 : OOB 0.2559 : L 61 : T 11.8 sec
 - d_sub 800 : OOB 0.2549 : L 62 : T 11.9 sec
 - d_sub 800 : OOB 0.2555 : L 63 : T 12.1 sec
 - d_sub 800 : OOB 0.2547 : L 64 : T 12.3 sec
 - d_sub 800 : OOB 0.2544 : L 65 : T 12.5 sec
 - d_sub 800 : OOB 0.2546 : L 66 : T 12.7 sec
 - d_sub 800 : OOB 0.2547 : L 67 : T 12.9 sec
 - d_sub 800 : OOB 0.2543 : L 68 : T 13.1 sec
 - d_sub 800 : OOB 0.2547 : L 69 : T 13.3 sec
 - d_sub 800 : OOB 0.2546 : L 70 : T 13.4 sec
 - d_sub 800 : OOB 0.2539 : L 71 : T 13.6 sec
 - d_sub 800 : OOB 0.2551 : L 72 : T 13.8 sec
 - d_sub 800 : OOB 0.2550 : L 73 : T 14.0 sec
 - d_sub 800 : OOB 0.2541 : L 74 : T 14.2 sec
 - d_sub 800 : OOB 0.2548 : L 75 : T 14.4 sec
 - d_sub 800 : OOB 0.2550 : L 76 : T 14.6 sec
 - d_sub 800 : OOB 0.2551 : L 77 : T 14.7 sec
 - d_sub 800 : OOB 0.2551 : L 78 : T 14.9 sec
 - d_sub 800 : OOB 0.2549 : L 79 : T 15.1 sec
 - d_sub 800 : OOB 0.2540 : L 80 : T 15.3 sec
 - d_sub 800 : OOB 0.2546 : L 81 : T 15.5 sec

 - d_sub 1000 : OOB 0.4177 : L 1 : T 0.3 sec
 - d_sub 1000 : OOB 0.3739 : L 2 : T 0.6 sec
 - d_sub 1000 : OOB 0.3398 : L 3 : T 0.8 sec
 - d_sub 1000 : OOB 0.3189 : L 4 : T 1.1 sec
 - d_sub 1000 : OOB 0.3023 : L 5 : T 1.4 sec
 - d_sub 1000 : OOB 0.2923 : L 6 : T 1.7 sec
 - d_sub 1000 : OOB 0.2842 : L 7 : T 2.0 sec
 - d_sub 1000 : OOB 0.2809 : L 8 : T 2.3 sec
 - d_sub 1000 : OOB 0.2768 : L 9 : T 2.6 sec
 - d_sub 1000 : OOB 0.2722 : L 10 : T 2.9 sec
 - d_sub 1000 : OOB 0.2717 : L 11 : T 3.1 sec
 - d_sub 1000 : OOB 0.2700 : L 12 : T 3.4 sec
 - d_sub 1000 : OOB 0.2687 : L 13 : T 3.7 sec
 - d_sub 1000 : OOB 0.2672 : L 14 : T 4.0 sec
 - d_sub 1000 : OOB 0.2652 : L 15 : T 4.3 sec
 - d_sub 1000 : OOB 0.2632 : L 16 : T 4.6 sec
 - d_sub 1000 : OOB 0.2620 : L 17 : T 4.9 sec
 - d_sub 1000 : OOB 0.2631 : L 18 : T 5.2 sec
 - d_sub 1000 : OOB 0.2629 : L 19 : T 5.4 sec
 - d_sub 1000 : OOB 0.2611 : L 20 : T 5.7 sec
 - d_sub 1000 : OOB 0.2602 : L 21 : T 6.0 sec
 - d_sub 1000 : OOB 0.2590 : L 22 : T 6.3 sec
 - d_sub 1000 : OOB 0.2605 : L 23 : T 6.6 sec
 - d_sub 1000 : OOB 0.2587 : L 24 : T 6.9 sec
 - d_sub 1000 : OOB 0.2590 : L 25 : T 7.2 sec
 - d_sub 1000 : OOB 0.2586 : L 26 : T 7.5 sec
 - d_sub 1000 : OOB 0.2579 : L 27 : T 7.7 sec
 - d_sub 1000 : OOB 0.2582 : L 28 : T 8.0 sec
 - d_sub 1000 : OOB 0.2575 : L 29 : T 8.3 sec
 - d_sub 1000 : OOB 0.2572 : L 30 : T 8.6 sec
 - d_sub 1000 : OOB 0.2568 : L 31 : T 8.9 sec
 - d_sub 1000 : OOB 0.2573 : L 32 : T 9.1 sec
 - d_sub 1000 : OOB 0.2578 : L 33 : T 9.4 sec
 - d_sub 1000 : OOB 0.2572 : L 34 : T 9.7 sec
 - d_sub 1000 : OOB 0.2566 : L 35 : T 10.0 sec
 - d_sub 1000 : OOB 0.2563 : L 36 : T 10.3 sec
 - d_sub 1000 : OOB 0.2557 : L 37 : T 10.5 sec
 - d_sub 1000 : OOB 0.2567 : L 38 : T 10.8 sec
 - d_sub 1000 : OOB 0.2569 : L 39 : T 11.1 sec
 - d_sub 1000 : OOB 0.2563 : L 40 : T 11.4 sec
 - d_sub 1000 : OOB 0.2561 : L 41 : T 11.7 sec
 - d_sub 1000 : OOB 0.2564 : L 42 : T 11.9 sec
 - d_sub 1000 : OOB 0.2565 : L 43 : T 12.2 sec
 - d_sub 1000 : OOB 0.2570 : L 44 : T 12.5 sec
 - d_sub 1000 : OOB 0.2554 : L 45 : T 12.8 sec
 - d_sub 1000 : OOB 0.2545 : L 46 : T 13.1 sec
 - d_sub 1000 : OOB 0.2543 : L 47 : T 13.4 sec
 - d_sub 1000 : OOB 0.2549 : L 48 : T 13.6 sec
 - d_sub 1000 : OOB 0.2544 : L 49 : T 13.9 sec
 - d_sub 1000 : OOB 0.2538 : L 50 : T 14.2 sec
 - d_sub 1000 : OOB 0.2541 : L 51 : T 14.5 sec
 - d_sub 1000 : OOB 0.2531 : L 52 : T 14.8 sec
 - d_sub 1000 : OOB 0.2533 : L 53 : T 15.1 sec
 - d_sub 1000 : OOB 0.2527 : L 54 : T 15.3 sec
 - d_sub 1000 : OOB 0.2527 : L 55 : T 15.6 sec
 - d_sub 1000 : OOB 0.2529 : L 56 : T 15.9 sec
 - d_sub 1000 : OOB 0.2533 : L 57 : T 16.2 sec
 - d_sub 1000 : OOB 0.2522 : L 58 : T 16.5 sec
 - d_sub 1000 : OOB 0.2529 : L 59 : T 16.8 sec
 - d_sub 1000 : OOB 0.2528 : L 60 : T 17.0 sec
 - d_sub 1000 : OOB 0.2527 : L 61 : T 17.3 sec
 - d_sub 1000 : OOB 0.2529 : L 62 : T 17.6 sec
 - d_sub 1000 : OOB 0.2532 : L 63 : T 17.9 sec
 - d_sub 1000 : OOB 0.2522 : L 64 : T 18.2 sec
 - d_sub 1000 : OOB 0.2526 : L 65 : T 18.5 sec
 - d_sub 1000 : OOB 0.2518 : L 66 : T 18.8 sec
 - d_sub 1000 : OOB 0.2522 : L 67 : T 19.1 sec
 - d_sub 1000 : OOB 0.2520 : L 68 : T 19.4 sec
 - d_sub 1000 : OOB 0.2517 : L 69 : T 19.7 sec
 - d_sub 1000 : OOB 0.2519 : L 70 : T 20.0 sec
 - d_sub 1000 : OOB 0.2518 : L 71 : T 20.2 sec
 - d_sub 1000 : OOB 0.2516 : L 72 : T 20.5 sec
 - d_sub 1000 : OOB 0.2514 : L 73 : T 20.8 sec
 - d_sub 1000 : OOB 0.2510 : L 74 : T 21.1 sec
 - d_sub 1000 : OOB 0.2510 : L 75 : T 21.4 sec
 - d_sub 1000 : OOB 0.2517 : L 76 : T 21.7 sec
 - d_sub 1000 : OOB 0.2515 : L 77 : T 21.9 sec
 - d_sub 1000 : OOB 0.2513 : L 78 : T 22.2 sec
 - d_sub 1000 : OOB 0.2512 : L 79 : T 22.5 sec
 - d_sub 1000 : OOB 0.2516 : L 80 : T 22.8 sec
 - d_sub 1000 : OOB 0.2513 : L 81 : T 23.1 sec
 - d_sub 1000 : OOB 0.2512 : L 82 : T 23.3 sec
 - d_sub 1000 : OOB 0.2510 : L 83 : T 23.6 sec
 - d_sub 1000 : OOB 0.2513 : L 84 : T 23.9 sec
 - d_sub 1000 : OOB 0.2513 : L 85 : T 24.2 sec
 - d_sub 1000 : OOB 0.2518 : L 86 : T 24.4 sec
 - d_sub 1000 : OOB 0.2508 : L 87 : T 24.7 sec
 - d_sub 1000 : OOB 0.2508 : L 88 : T 25.0 sec
 - d_sub 1000 : OOB 0.2515 : L 89 : T 25.3 sec
 - d_sub 1000 : OOB 0.2515 : L 90 : T 25.6 sec
 - d_sub 1000 : OOB 0.2519 : L 91 : T 25.9 sec

 - d_sub 1200 : OOB 0.4176 : L 1 : T 0.4 sec
 - d_sub 1200 : OOB 0.3733 : L 2 : T 0.7 sec
 - d_sub 1200 : OOB 0.3397 : L 3 : T 1.1 sec
 - d_sub 1200 : OOB 0.3172 : L 4 : T 1.4 sec
 - d_sub 1200 : OOB 0.3020 : L 5 : T 1.8 sec
 - d_sub 1200 : OOB 0.2933 : L 6 : T 2.2 sec
 - d_sub 1200 : OOB 0.2844 : L 7 : T 2.5 sec
 - d_sub 1200 : OOB 0.2792 : L 8 : T 2.9 sec
 - d_sub 1200 : OOB 0.2746 : L 9 : T 3.2 sec
 - d_sub 1200 : OOB 0.2692 : L 10 : T 3.6 sec
 - d_sub 1200 : OOB 0.2692 : L 11 : T 3.9 sec
 - d_sub 1200 : OOB 0.2655 : L 12 : T 4.3 sec
 - d_sub 1200 : OOB 0.2635 : L 13 : T 4.7 sec
 - d_sub 1200 : OOB 0.2634 : L 14 : T 5.0 sec
 - d_sub 1200 : OOB 0.2622 : L 15 : T 5.4 sec
 - d_sub 1200 : OOB 0.2608 : L 16 : T 5.7 sec
 - d_sub 1200 : OOB 0.2597 : L 17 : T 6.1 sec
 - d_sub 1200 : OOB 0.2588 : L 18 : T 6.4 sec
 - d_sub 1200 : OOB 0.2610 : L 19 : T 6.8 sec
 - d_sub 1200 : OOB 0.2594 : L 20 : T 7.2 sec
 - d_sub 1200 : OOB 0.2585 : L 21 : T 7.5 sec
 - d_sub 1200 : OOB 0.2583 : L 22 : T 7.9 sec
 - d_sub 1200 : OOB 0.2573 : L 23 : T 8.3 sec
 - d_sub 1200 : OOB 0.2577 : L 24 : T 8.7 sec
 - d_sub 1200 : OOB 0.2586 : L 25 : T 9.0 sec
 - d_sub 1200 : OOB 0.2578 : L 26 : T 9.4 sec
 - d_sub 1200 : OOB 0.2571 : L 27 : T 9.7 sec
 - d_sub 1200 : OOB 0.2564 : L 28 : T 10.1 sec
 - d_sub 1200 : OOB 0.2564 : L 29 : T 10.5 sec
 - d_sub 1200 : OOB 0.2562 : L 30 : T 10.8 sec
 - d_sub 1200 : OOB 0.2563 : L 31 : T 11.2 sec
 - d_sub 1200 : OOB 0.2556 : L 32 : T 11.6 sec
 - d_sub 1200 : OOB 0.2563 : L 33 : T 11.9 sec
 - d_sub 1200 : OOB 0.2543 : L 34 : T 12.3 sec
 - d_sub 1200 : OOB 0.2553 : L 35 : T 12.6 sec
 - d_sub 1200 : OOB 0.2548 : L 36 : T 13.0 sec
 - d_sub 1200 : OOB 0.2565 : L 37 : T 13.3 sec
 - d_sub 1200 : OOB 0.2565 : L 38 : T 13.7 sec
 - d_sub 1200 : OOB 0.2559 : L 39 : T 14.0 sec
 - d_sub 1200 : OOB 0.2556 : L 40 : T 14.4 sec
 - d_sub 1200 : OOB 0.2556 : L 41 : T 14.7 sec
 - d_sub 1200 : OOB 0.2551 : L 42 : T 15.1 sec
 - d_sub 1200 : OOB 0.2554 : L 43 : T 15.4 sec
 - d_sub 1200 : OOB 0.2550 : L 44 : T 15.8 sec
 - d_sub 1200 : OOB 0.2543 : L 45 : T 16.2 sec
 - d_sub 1200 : OOB 0.2539 : L 46 : T 16.5 sec
 - d_sub 1200 : OOB 0.2540 : L 47 : T 16.9 sec
 - d_sub 1200 : OOB 0.2531 : L 48 : T 17.2 sec
 - d_sub 1200 : OOB 0.2530 : L 49 : T 17.6 sec
 - d_sub 1200 : OOB 0.2538 : L 50 : T 17.9 sec
 - d_sub 1200 : OOB 0.2536 : L 51 : T 18.3 sec
 - d_sub 1200 : OOB 0.2528 : L 52 : T 18.7 sec
 - d_sub 1200 : OOB 0.2523 : L 53 : T 19.1 sec
 - d_sub 1200 : OOB 0.2528 : L 54 : T 19.4 sec
 - d_sub 1200 : OOB 0.2525 : L 55 : T 19.8 sec
 - d_sub 1200 : OOB 0.2533 : L 56 : T 20.1 sec
 - d_sub 1200 : OOB 0.2536 : L 57 : T 20.5 sec
 - d_sub 1200 : OOB 0.2529 : L 58 : T 20.9 sec
 - d_sub 1200 : OOB 0.2527 : L 59 : T 21.2 sec
 - d_sub 1200 : OOB 0.2537 : L 60 : T 21.6 sec
 - d_sub 1200 : OOB 0.2528 : L 61 : T 21.9 sec
 - d_sub 1200 : OOB 0.2529 : L 62 : T 22.3 sec
 - d_sub 1200 : OOB 0.2527 : L 63 : T 22.6 sec
 - d_sub 1200 : OOB 0.2523 : L 64 : T 23.0 sec
 - d_sub 1200 : OOB 0.2524 : L 65 : T 23.4 sec
 - d_sub 1200 : OOB 0.2522 : L 66 : T 23.7 sec
 - d_sub 1200 : OOB 0.2519 : L 67 : T 24.1 sec
 - d_sub 1200 : OOB 0.2521 : L 68 : T 24.4 sec
 - d_sub 1200 : OOB 0.2514 : L 69 : T 24.8 sec
 - d_sub 1200 : OOB 0.2513 : L 70 : T 25.2 sec
 - d_sub 1200 : OOB 0.2522 : L 71 : T 25.5 sec
 - d_sub 1200 : OOB 0.2518 : L 72 : T 25.9 sec
 - d_sub 1200 : OOB 0.2521 : L 73 : T 26.2 sec
 - d_sub 1200 : OOB 0.2518 : L 74 : T 26.6 sec
 - d_sub 1200 : OOB 0.2521 : L 75 : T 27.0 sec
 - d_sub 1200 : OOB 0.2514 : L 76 : T 27.3 sec

 - d_sub 1400 : OOB 0.4177 : L 1 : T 0.4 sec
 - d_sub 1400 : OOB 0.3759 : L 2 : T 0.9 sec
 - d_sub 1400 : OOB 0.3438 : L 3 : T 1.3 sec
 - d_sub 1400 : OOB 0.3228 : L 4 : T 1.7 sec
 - d_sub 1400 : OOB 0.3068 : L 5 : T 2.2 sec
 - d_sub 1400 : OOB 0.2952 : L 6 : T 2.6 sec
 - d_sub 1400 : OOB 0.2866 : L 7 : T 3.0 sec
 - d_sub 1400 : OOB 0.2788 : L 8 : T 3.5 sec
 - d_sub 1400 : OOB 0.2744 : L 9 : T 3.9 sec
 - d_sub 1400 : OOB 0.2707 : L 10 : T 4.3 sec
 - d_sub 1400 : OOB 0.2693 : L 11 : T 4.7 sec
 - d_sub 1400 : OOB 0.2668 : L 12 : T 5.2 sec
 - d_sub 1400 : OOB 0.2643 : L 13 : T 5.6 sec
 - d_sub 1400 : OOB 0.2633 : L 14 : T 6.1 sec
 - d_sub 1400 : OOB 0.2612 : L 15 : T 6.5 sec
 - d_sub 1400 : OOB 0.2604 : L 16 : T 6.9 sec
 - d_sub 1400 : OOB 0.2606 : L 17 : T 7.4 sec
 - d_sub 1400 : OOB 0.2576 : L 18 : T 7.8 sec
 - d_sub 1400 : OOB 0.2586 : L 19 : T 8.2 sec
 - d_sub 1400 : OOB 0.2565 : L 20 : T 8.7 sec
 - d_sub 1400 : OOB 0.2565 : L 21 : T 9.1 sec
 - d_sub 1400 : OOB 0.2569 : L 22 : T 9.5 sec
 - d_sub 1400 : OOB 0.2562 : L 23 : T 10.0 sec
 - d_sub 1400 : OOB 0.2555 : L 24 : T 10.4 sec
 - d_sub 1400 : OOB 0.2566 : L 25 : T 10.8 sec
 - d_sub 1400 : OOB 0.2559 : L 26 : T 11.3 sec
 - d_sub 1400 : OOB 0.2562 : L 27 : T 11.7 sec
 - d_sub 1400 : OOB 0.2548 : L 28 : T 12.1 sec
 - d_sub 1400 : OOB 0.2545 : L 29 : T 12.6 sec
 - d_sub 1400 : OOB 0.2547 : L 30 : T 13.0 sec
 - d_sub 1400 : OOB 0.2540 : L 31 : T 13.4 sec
 - d_sub 1400 : OOB 0.2552 : L 32 : T 13.9 sec
 - d_sub 1400 : OOB 0.2540 : L 33 : T 14.3 sec
 - d_sub 1400 : OOB 0.2539 : L 34 : T 14.8 sec
 - d_sub 1400 : OOB 0.2543 : L 35 : T 15.2 sec
 - d_sub 1400 : OOB 0.2540 : L 36 : T 15.6 sec
 - d_sub 1400 : OOB 0.2546 : L 37 : T 16.1 sec
 - d_sub 1400 : OOB 0.2543 : L 38 : T 16.5 sec
 - d_sub 1400 : OOB 0.2547 : L 39 : T 16.9 sec
 - d_sub 1400 : OOB 0.2540 : L 40 : T 17.4 sec
 - d_sub 1400 : OOB 0.2537 : L 41 : T 17.8 sec
 - d_sub 1400 : OOB 0.2535 : L 42 : T 18.2 sec
 - d_sub 1400 : OOB 0.2540 : L 43 : T 18.7 sec
 - d_sub 1400 : OOB 0.2537 : L 44 : T 19.1 sec
 - d_sub 1400 : OOB 0.2531 : L 45 : T 19.6 sec
 - d_sub 1400 : OOB 0.2527 : L 46 : T 20.0 sec
 - d_sub 1400 : OOB 0.2516 : L 47 : T 20.5 sec
 - d_sub 1400 : OOB 0.2512 : L 48 : T 20.9 sec
 - d_sub 1400 : OOB 0.2518 : L 49 : T 21.4 sec
 - d_sub 1400 : OOB 0.2507 : L 50 : T 21.8 sec
 - d_sub 1400 : OOB 0.2511 : L 51 : T 22.2 sec
 - d_sub 1400 : OOB 0.2508 : L 52 : T 22.7 sec
 - d_sub 1400 : OOB 0.2518 : L 53 : T 23.1 sec
 - d_sub 1400 : OOB 0.2501 : L 54 : T 23.5 sec
 - d_sub 1400 : OOB 0.2500 : L 55 : T 24.0 sec
 - d_sub 1400 : OOB 0.2501 : L 56 : T 24.4 sec
 - d_sub 1400 : OOB 0.2497 : L 57 : T 24.9 sec
 - d_sub 1400 : OOB 0.2504 : L 58 : T 25.3 sec
 - d_sub 1400 : OOB 0.2503 : L 59 : T 25.7 sec
 - d_sub 1400 : OOB 0.2504 : L 60 : T 26.1 sec
 - d_sub 1400 : OOB 0.2506 : L 61 : T 26.6 sec
 - d_sub 1400 : OOB 0.2506 : L 62 : T 27.0 sec
 - d_sub 1400 : OOB 0.2500 : L 63 : T 27.4 sec
 - d_sub 1400 : OOB 0.2503 : L 64 : T 27.9 sec
 - d_sub 1400 : OOB 0.2496 : L 65 : T 28.3 sec
 - d_sub 1400 : OOB 0.2500 : L 66 : T 28.7 sec
 - d_sub 1400 : OOB 0.2500 : L 67 : T 29.2 sec
 - d_sub 1400 : OOB 0.2501 : L 68 : T 29.6 sec
 - d_sub 1400 : OOB 0.2499 : L 69 : T 30.0 sec
 - d_sub 1400 : OOB 0.2496 : L 70 : T 30.4 sec
 - d_sub 1400 : OOB 0.2496 : L 71 : T 30.8 sec
 - d_sub 1400 : OOB 0.2490 : L 72 : T 31.3 sec
 - d_sub 1400 : OOB 0.2492 : L 73 : T 31.7 sec
 - d_sub 1400 : OOB 0.2486 : L 74 : T 32.1 sec
 - d_sub 1400 : OOB 0.2488 : L 75 : T 32.6 sec
 - d_sub 1400 : OOB 0.2487 : L 76 : T 33.0 sec
 - d_sub 1400 : OOB 0.2483 : L 77 : T 33.4 sec
 - d_sub 1400 : OOB 0.2481 : L 78 : T 33.8 sec
 - d_sub 1400 : OOB 0.2482 : L 79 : T 34.3 sec
 - d_sub 1400 : OOB 0.2481 : L 80 : T 34.7 sec
 - d_sub 1400 : OOB 0.2477 : L 81 : T 35.2 sec
 - d_sub 1400 : OOB 0.2477 : L 82 : T 35.6 sec
 - d_sub 1400 : OOB 0.2477 : L 83 : T 36.0 sec
 - d_sub 1400 : OOB 0.2482 : L 84 : T 36.5 sec
 - d_sub 1400 : OOB 0.2478 : L 85 : T 36.9 sec
 - d_sub 1400 : OOB 0.2487 : L 86 : T 37.4 sec
 - d_sub 1400 : OOB 0.2485 : L 87 : T 37.9 sec
 - d_sub 1400 : OOB 0.2477 : L 88 : T 38.3 sec
 - d_sub 1400 : OOB 0.2475 : L 89 : T 38.8 sec
 - d_sub 1400 : OOB 0.2479 : L 90 : T 39.2 sec
 - d_sub 1400 : OOB 0.2476 : L 91 : T 39.7 sec
 - d_sub 1400 : OOB 0.2477 : L 92 : T 40.1 sec
 - d_sub 1400 : OOB 0.2480 : L 93 : T 40.5 sec

 - d_sub 1600 : OOB 0.4169 : L 1 : T 0.5 sec
 - d_sub 1600 : OOB 0.3722 : L 2 : T 1.1 sec
 - d_sub 1600 : OOB 0.3378 : L 3 : T 1.6 sec
 - d_sub 1600 : OOB 0.3171 : L 4 : T 2.1 sec
 - d_sub 1600 : OOB 0.3022 : L 5 : T 2.6 sec
 - d_sub 1600 : OOB 0.2930 : L 6 : T 3.2 sec
 - d_sub 1600 : OOB 0.2840 : L 7 : T 3.7 sec
 - d_sub 1600 : OOB 0.2784 : L 8 : T 4.2 sec
 - d_sub 1600 : OOB 0.2752 : L 9 : T 4.8 sec
 - d_sub 1600 : OOB 0.2718 : L 10 : T 5.3 sec
 - d_sub 1600 : OOB 0.2689 : L 11 : T 5.8 sec
 - d_sub 1600 : OOB 0.2660 : L 12 : T 6.4 sec
 - d_sub 1600 : OOB 0.2634 : L 13 : T 6.9 sec
 - d_sub 1600 : OOB 0.2620 : L 14 : T 7.4 sec
 - d_sub 1600 : OOB 0.2608 : L 15 : T 8.0 sec
 - d_sub 1600 : OOB 0.2598 : L 16 : T 8.5 sec
 - d_sub 1600 : OOB 0.2589 : L 17 : T 9.0 sec
 - d_sub 1600 : OOB 0.2574 : L 18 : T 9.5 sec
 - d_sub 1600 : OOB 0.2568 : L 19 : T 10.0 sec
 - d_sub 1600 : OOB 0.2573 : L 20 : T 10.6 sec
 - d_sub 1600 : OOB 0.2571 : L 21 : T 11.1 sec
 - d_sub 1600 : OOB 0.2563 : L 22 : T 11.6 sec
 - d_sub 1600 : OOB 0.2558 : L 23 : T 12.1 sec
 - d_sub 1600 : OOB 0.2549 : L 24 : T 12.7 sec
 - d_sub 1600 : OOB 0.2554 : L 25 : T 13.2 sec
 - d_sub 1600 : OOB 0.2550 : L 26 : T 13.7 sec
 - d_sub 1600 : OOB 0.2558 : L 27 : T 14.3 sec
 - d_sub 1600 : OOB 0.2549 : L 28 : T 14.8 sec
 - d_sub 1600 : OOB 0.2538 : L 29 : T 15.3 sec
 - d_sub 1600 : OOB 0.2539 : L 30 : T 15.8 sec
 - d_sub 1600 : OOB 0.2538 : L 31 : T 16.3 sec
 - d_sub 1600 : OOB 0.2527 : L 32 : T 16.8 sec
 - d_sub 1600 : OOB 0.2529 : L 33 : T 17.4 sec
 - d_sub 1600 : OOB 0.2517 : L 34 : T 17.9 sec
 - d_sub 1600 : OOB 0.2521 : L 35 : T 18.4 sec
 - d_sub 1600 : OOB 0.2517 : L 36 : T 18.9 sec
 - d_sub 1600 : OOB 0.2510 : L 37 : T 19.5 sec
 - d_sub 1600 : OOB 0.2516 : L 38 : T 20.0 sec
 - d_sub 1600 : OOB 0.2505 : L 39 : T 20.6 sec
 - d_sub 1600 : OOB 0.2512 : L 40 : T 21.1 sec
 - d_sub 1600 : OOB 0.2510 : L 41 : T 21.6 sec
 - d_sub 1600 : OOB 0.2495 : L 42 : T 22.1 sec
 - d_sub 1600 : OOB 0.2501 : L 43 : T 22.6 sec
 - d_sub 1600 : OOB 0.2512 : L 44 : T 23.2 sec
 - d_sub 1600 : OOB 0.2505 : L 45 : T 23.7 sec
 - d_sub 1600 : OOB 0.2506 : L 46 : T 24.2 sec
 - d_sub 1600 : OOB 0.2510 : L 47 : T 24.8 sec
 - d_sub 1600 : OOB 0.2504 : L 48 : T 25.3 sec
 - d_sub 1600 : OOB 0.2507 : L 49 : T 25.9 sec
 - d_sub 1600 : OOB 0.2513 : L 50 : T 26.4 sec
 - d_sub 1600 : OOB 0.2495 : L 51 : T 26.9 sec
 - d_sub 1600 : OOB 0.2495 : L 52 : T 27.5 sec
 - d_sub 1600 : OOB 0.2492 : L 53 : T 28.0 sec
 - d_sub 1600 : OOB 0.2501 : L 54 : T 28.5 sec
 - d_sub 1600 : OOB 0.2496 : L 55 : T 29.0 sec
 - d_sub 1600 : OOB 0.2488 : L 56 : T 29.6 sec
 - d_sub 1600 : OOB 0.2493 : L 57 : T 30.1 sec
 - d_sub 1600 : OOB 0.2485 : L 58 : T 30.6 sec
 - d_sub 1600 : OOB 0.2490 : L 59 : T 31.2 sec
 - d_sub 1600 : OOB 0.2493 : L 60 : T 31.7 sec
 - d_sub 1600 : OOB 0.2495 : L 61 : T 32.2 sec
 - d_sub 1600 : OOB 0.2487 : L 62 : T 32.8 sec
 - d_sub 1600 : OOB 0.2493 : L 63 : T 33.3 sec
 - d_sub 1600 : OOB 0.2494 : L 64 : T 33.9 sec
 - d_sub 1600 : OOB 0.2493 : L 65 : T 34.4 sec
 - d_sub 1600 : OOB 0.2485 : L 66 : T 34.9 sec
 - d_sub 1600 : OOB 0.2484 : L 67 : T 35.5 sec
 - d_sub 1600 : OOB 0.2486 : L 68 : T 36.0 sec
 - d_sub 1600 : OOB 0.2482 : L 69 : T 36.5 sec
 - d_sub 1600 : OOB 0.2481 : L 70 : T 37.0 sec
 - d_sub 1600 : OOB 0.2477 : L 71 : T 37.6 sec
 - d_sub 1600 : OOB 0.2480 : L 72 : T 38.1 sec
 - d_sub 1600 : OOB 0.2480 : L 73 : T 38.6 sec
 - d_sub 1600 : OOB 0.2477 : L 74 : T 39.2 sec
 - d_sub 1600 : OOB 0.2473 : L 75 : T 39.7 sec
 - d_sub 1600 : OOB 0.2478 : L 76 : T 40.2 sec
 - d_sub 1600 : OOB 0.2475 : L 77 : T 40.7 sec
 - d_sub 1600 : OOB 0.2475 : L 78 : T 41.3 sec
 - d_sub 1600 : OOB 0.2466 : L 79 : T 41.8 sec
 - d_sub 1600 : OOB 0.2467 : L 80 : T 42.3 sec
 - d_sub 1600 : OOB 0.2472 : L 81 : T 42.8 sec
 - d_sub 1600 : OOB 0.2471 : L 82 : T 43.4 sec

 - d_sub 1800 : OOB 0.4160 : L 1 : T 0.6 sec
 - d_sub 1800 : OOB 0.3715 : L 2 : T 1.2 sec
 - d_sub 1800 : OOB 0.3389 : L 3 : T 1.9 sec
 - d_sub 1800 : OOB 0.3165 : L 4 : T 2.5 sec
 - d_sub 1800 : OOB 0.3028 : L 5 : T 3.1 sec
 - d_sub 1800 : OOB 0.2921 : L 6 : T 3.7 sec
 - d_sub 1800 : OOB 0.2841 : L 7 : T 4.3 sec
 - d_sub 1800 : OOB 0.2795 : L 8 : T 5.0 sec
 - d_sub 1800 : OOB 0.2745 : L 9 : T 5.6 sec
 - d_sub 1800 : OOB 0.2701 : L 10 : T 6.2 sec
 - d_sub 1800 : OOB 0.2679 : L 11 : T 6.8 sec
 - d_sub 1800 : OOB 0.2669 : L 12 : T 7.4 sec
 - d_sub 1800 : OOB 0.2641 : L 13 : T 8.1 sec
 - d_sub 1800 : OOB 0.2638 : L 14 : T 8.7 sec
 - d_sub 1800 : OOB 0.2606 : L 15 : T 9.3 sec
 - d_sub 1800 : OOB 0.2593 : L 16 : T 9.9 sec
 - d_sub 1800 : OOB 0.2582 : L 17 : T 10.6 sec
 - d_sub 1800 : OOB 0.2587 : L 18 : T 11.2 sec
 - d_sub 1800 : OOB 0.2579 : L 19 : T 11.9 sec
 - d_sub 1800 : OOB 0.2560 : L 20 : T 12.5 sec
 - d_sub 1800 : OOB 0.2559 : L 21 : T 13.1 sec
 - d_sub 1800 : OOB 0.2554 : L 22 : T 13.7 sec
 - d_sub 1800 : OOB 0.2563 : L 23 : T 14.4 sec
 - d_sub 1800 : OOB 0.2548 : L 24 : T 15.0 sec
 - d_sub 1800 : OOB 0.2553 : L 25 : T 15.6 sec
 - d_sub 1800 : OOB 0.2541 : L 26 : T 16.2 sec
 - d_sub 1800 : OOB 0.2536 : L 27 : T 16.9 sec
 - d_sub 1800 : OOB 0.2535 : L 28 : T 17.5 sec
 - d_sub 1800 : OOB 0.2530 : L 29 : T 18.1 sec
 - d_sub 1800 : OOB 0.2536 : L 30 : T 18.8 sec
 - d_sub 1800 : OOB 0.2545 : L 31 : T 19.4 sec
 - d_sub 1800 : OOB 0.2537 : L 32 : T 20.1 sec
 - d_sub 1800 : OOB 0.2537 : L 33 : T 20.7 sec
 - d_sub 1800 : OOB 0.2529 : L 34 : T 21.3 sec
 - d_sub 1800 : OOB 0.2533 : L 35 : T 22.0 sec
 - d_sub 1800 : OOB 0.2530 : L 36 : T 22.6 sec
 - d_sub 1800 : OOB 0.2523 : L 37 : T 23.2 sec
 - d_sub 1800 : OOB 0.2523 : L 38 : T 23.9 sec
 - d_sub 1800 : OOB 0.2524 : L 39 : T 24.5 sec
 - d_sub 1800 : OOB 0.2524 : L 40 : T 25.2 sec
 - d_sub 1800 : OOB 0.2518 : L 41 : T 25.8 sec
 - d_sub 1800 : OOB 0.2512 : L 42 : T 26.5 sec
 - d_sub 1800 : OOB 0.2514 : L 43 : T 27.1 sec
 - d_sub 1800 : OOB 0.2514 : L 44 : T 27.7 sec
 - d_sub 1800 : OOB 0.2519 : L 45 : T 28.3 sec
 - d_sub 1800 : OOB 0.2512 : L 46 : T 28.9 sec
 - d_sub 1800 : OOB 0.2506 : L 47 : T 29.6 sec
 - d_sub 1800 : OOB 0.2512 : L 48 : T 30.2 sec
 - d_sub 1800 : OOB 0.2505 : L 49 : T 30.8 sec
 - d_sub 1800 : OOB 0.2500 : L 50 : T 31.4 sec
 - d_sub 1800 : OOB 0.2498 : L 51 : T 32.0 sec
 - d_sub 1800 : OOB 0.2512 : L 52 : T 32.6 sec
 - d_sub 1800 : OOB 0.2510 : L 53 : T 33.2 sec
 - d_sub 1800 : OOB 0.2506 : L 54 : T 33.8 sec
 - d_sub 1800 : OOB 0.2495 : L 55 : T 34.5 sec
 - d_sub 1800 : OOB 0.2500 : L 56 : T 35.1 sec
 - d_sub 1800 : OOB 0.2498 : L 57 : T 35.7 sec
 - d_sub 1800 : OOB 0.2501 : L 58 : T 36.3 sec
 - d_sub 1800 : OOB 0.2501 : L 59 : T 36.9 sec
 - d_sub 1800 : OOB 0.2504 : L 60 : T 37.5 sec
 - d_sub 1800 : OOB 0.2497 : L 61 : T 38.2 sec
 - d_sub 1800 : OOB 0.2496 : L 62 : T 38.8 sec
 - d_sub 1800 : OOB 0.2493 : L 63 : T 39.4 sec
 - d_sub 1800 : OOB 0.2489 : L 64 : T 40.0 sec
 - d_sub 1800 : OOB 0.2490 : L 65 : T 40.6 sec
 - d_sub 1800 : OOB 0.2490 : L 66 : T 41.2 sec
 - d_sub 1800 : OOB 0.2484 : L 67 : T 41.8 sec
 - d_sub 1800 : OOB 0.2485 : L 68 : T 42.4 sec
 - d_sub 1800 : OOB 0.2490 : L 69 : T 43.0 sec
 - d_sub 1800 : OOB 0.2487 : L 70 : T 43.6 sec
 - d_sub 1800 : OOB 0.2490 : L 71 : T 44.3 sec
 - d_sub 1800 : OOB 0.2480 : L 72 : T 44.9 sec
 - d_sub 1800 : OOB 0.2479 : L 73 : T 45.5 sec
 - d_sub 1800 : OOB 0.2484 : L 74 : T 46.1 sec
 - d_sub 1800 : OOB 0.2480 : L 75 : T 46.7 sec
 - d_sub 1800 : OOB 0.2484 : L 76 : T 47.3 sec
 - d_sub 1800 : OOB 0.2485 : L 77 : T 48.0 sec
 - d_sub 1800 : OOB 0.2476 : L 78 : T 48.6 sec
 - d_sub 1800 : OOB 0.2485 : L 79 : T 49.2 sec
 - d_sub 1800 : OOB 0.2488 : L 80 : T 49.8 sec
 - d_sub 1800 : OOB 0.2485 : L 81 : T 50.4 sec
 - d_sub 1800 : OOB 0.2480 : L 82 : T 51.1 sec

 - d_sub 2000 : OOB 0.4171 : L 1 : T 0.7 sec
 - d_sub 2000 : OOB 0.3726 : L 2 : T 1.5 sec
 - d_sub 2000 : OOB 0.3379 : L 3 : T 2.2 sec
 - d_sub 2000 : OOB 0.3165 : L 4 : T 2.9 sec
 - d_sub 2000 : OOB 0.3023 : L 5 : T 3.6 sec
 - d_sub 2000 : OOB 0.2914 : L 6 : T 4.4 sec
 - d_sub 2000 : OOB 0.2820 : L 7 : T 5.1 sec
 - d_sub 2000 : OOB 0.2759 : L 8 : T 5.9 sec
 - d_sub 2000 : OOB 0.2726 : L 9 : T 6.6 sec
 - d_sub 2000 : OOB 0.2703 : L 10 : T 7.3 sec
 - d_sub 2000 : OOB 0.2671 : L 11 : T 8.0 sec
 - d_sub 2000 : OOB 0.2644 : L 12 : T 8.8 sec
 - d_sub 2000 : OOB 0.2616 : L 13 : T 9.5 sec
 - d_sub 2000 : OOB 0.2603 : L 14 : T 10.3 sec
 - d_sub 2000 : OOB 0.2597 : L 15 : T 11.0 sec
 - d_sub 2000 : OOB 0.2592 : L 16 : T 11.7 sec
 - d_sub 2000 : OOB 0.2585 : L 17 : T 12.4 sec
 - d_sub 2000 : OOB 0.2569 : L 18 : T 13.2 sec
 - d_sub 2000 : OOB 0.2552 : L 19 : T 13.9 sec
 - d_sub 2000 : OOB 0.2554 : L 20 : T 14.6 sec
 - d_sub 2000 : OOB 0.2548 : L 21 : T 15.3 sec
 - d_sub 2000 : OOB 0.2539 : L 22 : T 16.0 sec
 - d_sub 2000 : OOB 0.2540 : L 23 : T 16.7 sec
 - d_sub 2000 : OOB 0.2520 : L 24 : T 17.4 sec
 - d_sub 2000 : OOB 0.2528 : L 25 : T 18.1 sec
 - d_sub 2000 : OOB 0.2515 : L 26 : T 18.8 sec
 - d_sub 2000 : OOB 0.2509 : L 27 : T 19.6 sec
 - d_sub 2000 : OOB 0.2515 : L 28 : T 20.3 sec
 - d_sub 2000 : OOB 0.2505 : L 29 : T 21.0 sec
 - d_sub 2000 : OOB 0.2494 : L 30 : T 21.7 sec
 - d_sub 2000 : OOB 0.2498 : L 31 : T 22.4 sec
 - d_sub 2000 : OOB 0.2490 : L 32 : T 23.2 sec
 - d_sub 2000 : OOB 0.2488 : L 33 : T 23.9 sec
 - d_sub 2000 : OOB 0.2492 : L 34 : T 24.6 sec
 - d_sub 2000 : OOB 0.2492 : L 35 : T 25.3 sec
 - d_sub 2000 : OOB 0.2484 : L 36 : T 26.1 sec
 - d_sub 2000 : OOB 0.2474 : L 37 : T 26.8 sec
 - d_sub 2000 : OOB 0.2465 : L 38 : T 27.5 sec
 - d_sub 2000 : OOB 0.2470 : L 39 : T 28.2 sec
 - d_sub 2000 : OOB 0.2472 : L 40 : T 28.9 sec
 - d_sub 2000 : OOB 0.2482 : L 41 : T 29.7 sec
 - d_sub 2000 : OOB 0.2475 : L 42 : T 30.4 sec
 - d_sub 2000 : OOB 0.2468 : L 43 : T 31.1 sec
 - d_sub 2000 : OOB 0.2460 : L 44 : T 31.8 sec
 - d_sub 2000 : OOB 0.2470 : L 45 : T 32.5 sec
 - d_sub 2000 : OOB 0.2451 : L 46 : T 33.2 sec
 - d_sub 2000 : OOB 0.2466 : L 47 : T 34.0 sec
 - d_sub 2000 : OOB 0.2462 : L 48 : T 34.7 sec
 - d_sub 2000 : OOB 0.2464 : L 49 : T 35.4 sec
 - d_sub 2000 : OOB 0.2464 : L 50 : T 36.1 sec
 - d_sub 2000 : OOB 0.2457 : L 51 : T 36.8 sec
 - d_sub 2000 : OOB 0.2461 : L 52 : T 37.5 sec
 - d_sub 2000 : OOB 0.2457 : L 53 : T 38.3 sec
 - d_sub 2000 : OOB 0.2464 : L 54 : T 39.0 sec
 - d_sub 2000 : OOB 0.2457 : L 55 : T 39.7 sec
 - d_sub 2000 : OOB 0.2469 : L 56 : T 40.5 sec
 - d_sub 2000 : OOB 0.2462 : L 57 : T 41.2 sec
 - d_sub 2000 : OOB 0.2460 : L 58 : T 41.9 sec
 - d_sub 2000 : OOB 0.2461 : L 59 : T 42.6 sec
 - d_sub 2000 : OOB 0.2460 : L 60 : T 43.4 sec
 - d_sub 2000 : OOB 0.2465 : L 61 : T 44.1 sec
 - d_sub 2000 : OOB 0.2463 : L 62 : T 44.8 sec
 - d_sub 2000 : OOB 0.2459 : L 63 : T 45.5 sec
 - d_sub 2000 : OOB 0.2460 : L 64 : T 46.3 sec
 - d_sub 2000 : OOB 0.2456 : L 65 : T 47.0 sec
 - d_sub 2000 : OOB 0.2456 : L 66 : T 47.7 sec
 - d_sub 2000 : OOB 0.2456 : L 67 : T 48.4 sec
 - d_sub 2000 : OOB 0.2455 : L 68 : T 49.2 sec
 - d_sub 2000 : OOB 0.2453 : L 69 : T 49.9 sec
 - d_sub 2000 : OOB 0.2457 : L 70 : T 50.6 sec
 - d_sub 2000 : OOB 0.2460 : L 71 : T 51.3 sec
 - d_sub 2000 : OOB 0.2459 : L 72 : T 52.1 sec
 - d_sub 2000 : OOB 0.2459 : L 73 : T 52.8 sec
 - d_sub 2000 : OOB 0.2455 : L 74 : T 53.5 sec
 - d_sub 2000 : OOB 0.2447 : L 75 : T 54.2 sec
 - d_sub 2000 : OOB 0.2456 : L 76 : T 55.0 sec

 - d_sub 2200 : OOB 0.4171 : L 1 : T 0.9 sec
 - d_sub 2200 : OOB 0.3721 : L 2 : T 1.7 sec
 - d_sub 2200 : OOB 0.3375 : L 3 : T 2.5 sec
 - d_sub 2200 : OOB 0.3160 : L 4 : T 3.4 sec
 - d_sub 2200 : OOB 0.3027 : L 5 : T 4.3 sec
 - d_sub 2200 : OOB 0.2928 : L 6 : T 5.1 sec
 - d_sub 2200 : OOB 0.2845 : L 7 : T 6.0 sec
 - d_sub 2200 : OOB 0.2799 : L 8 : T 6.8 sec
 - d_sub 2200 : OOB 0.2754 : L 9 : T 7.7 sec
 - d_sub 2200 : OOB 0.2718 : L 10 : T 8.5 sec
 - d_sub 2200 : OOB 0.2698 : L 11 : T 9.4 sec
 - d_sub 2200 : OOB 0.2683 : L 12 : T 10.2 sec
 - d_sub 2200 : OOB 0.2653 : L 13 : T 11.1 sec
 - d_sub 2200 : OOB 0.2641 : L 14 : T 11.9 sec
 - d_sub 2200 : OOB 0.2641 : L 15 : T 12.8 sec
 - d_sub 2200 : OOB 0.2619 : L 16 : T 13.6 sec
 - d_sub 2200 : OOB 0.2610 : L 17 : T 14.5 sec
 - d_sub 2200 : OOB 0.2598 : L 18 : T 15.3 sec
 - d_sub 2200 : OOB 0.2575 : L 19 : T 16.2 sec
 - d_sub 2200 : OOB 0.2582 : L 20 : T 17.0 sec
 - d_sub 2200 : OOB 0.2569 : L 21 : T 17.9 sec
 - d_sub 2200 : OOB 0.2567 : L 22 : T 18.7 sec
 - d_sub 2200 : OOB 0.2552 : L 23 : T 19.6 sec
 - d_sub 2200 : OOB 0.2553 : L 24 : T 20.4 sec
 - d_sub 2200 : OOB 0.2546 : L 25 : T 21.2 sec
 - d_sub 2200 : OOB 0.2540 : L 26 : T 22.0 sec
 - d_sub 2200 : OOB 0.2528 : L 27 : T 22.9 sec
 - d_sub 2200 : OOB 0.2538 : L 28 : T 23.7 sec
 - d_sub 2200 : OOB 0.2534 : L 29 : T 24.6 sec
 - d_sub 2200 : OOB 0.2536 : L 30 : T 25.4 sec
 - d_sub 2200 : OOB 0.2527 : L 31 : T 26.2 sec
 - d_sub 2200 : OOB 0.2514 : L 32 : T 27.1 sec
 - d_sub 2200 : OOB 0.2517 : L 33 : T 27.9 sec
 - d_sub 2200 : OOB 0.2522 : L 34 : T 28.8 sec
 - d_sub 2200 : OOB 0.2505 : L 35 : T 29.6 sec
 - d_sub 2200 : OOB 0.2500 : L 36 : T 30.5 sec
 - d_sub 2200 : OOB 0.2509 : L 37 : T 31.3 sec
 - d_sub 2200 : OOB 0.2509 : L 38 : T 32.1 sec
 - d_sub 2200 : OOB 0.2515 : L 39 : T 33.0 sec
 - d_sub 2200 : OOB 0.2514 : L 40 : T 33.8 sec
 - d_sub 2200 : OOB 0.2515 : L 41 : T 34.7 sec
 - d_sub 2200 : OOB 0.2504 : L 42 : T 35.5 sec
 - d_sub 2200 : OOB 0.2507 : L 43 : T 36.3 sec
 - d_sub 2200 : OOB 0.2507 : L 44 : T 37.2 sec
 - d_sub 2200 : OOB 0.2509 : L 45 : T 38.0 sec
 - d_sub 2200 : OOB 0.2499 : L 46 : T 38.8 sec
 - d_sub 2200 : OOB 0.2514 : L 47 : T 39.7 sec
 - d_sub 2200 : OOB 0.2504 : L 48 : T 40.5 sec
 - d_sub 2200 : OOB 0.2499 : L 49 : T 41.4 sec
 - d_sub 2200 : OOB 0.2494 : L 50 : T 42.2 sec
 - d_sub 2200 : OOB 0.2494 : L 51 : T 43.1 sec
 - d_sub 2200 : OOB 0.2496 : L 52 : T 43.9 sec
 - d_sub 2200 : OOB 0.2492 : L 53 : T 44.7 sec
 - d_sub 2200 : OOB 0.2493 : L 54 : T 45.5 sec
 - d_sub 2200 : OOB 0.2485 : L 55 : T 46.4 sec
 - d_sub 2200 : OOB 0.2489 : L 56 : T 47.2 sec
 - d_sub 2200 : OOB 0.2491 : L 57 : T 48.1 sec
 - d_sub 2200 : OOB 0.2483 : L 58 : T 48.9 sec
 - d_sub 2200 : OOB 0.2478 : L 59 : T 49.8 sec
 - d_sub 2200 : OOB 0.2480 : L 60 : T 50.6 sec
 - d_sub 2200 : OOB 0.2476 : L 61 : T 51.5 sec
 - d_sub 2200 : OOB 0.2464 : L 62 : T 52.3 sec
 - d_sub 2200 : OOB 0.2472 : L 63 : T 53.2 sec
 - d_sub 2200 : OOB 0.2473 : L 64 : T 54.0 sec
 - d_sub 2200 : OOB 0.2474 : L 65 : T 54.9 sec
 - d_sub 2200 : OOB 0.2469 : L 66 : T 55.7 sec
 - d_sub 2200 : OOB 0.2468 : L 67 : T 56.5 sec
 - d_sub 2200 : OOB 0.2474 : L 68 : T 57.4 sec
 - d_sub 2200 : OOB 0.2471 : L 69 : T 58.2 sec
 - d_sub 2200 : OOB 0.2461 : L 70 : T 59.0 sec
 - d_sub 2200 : OOB 0.2469 : L 71 : T 59.8 sec
 - d_sub 2200 : OOB 0.2463 : L 72 : T 60.7 sec
 - d_sub 2200 : OOB 0.2460 : L 73 : T 61.5 sec
 - d_sub 2200 : OOB 0.2473 : L 74 : T 62.4 sec
 - d_sub 2200 : OOB 0.2468 : L 75 : T 63.2 sec
 - d_sub 2200 : OOB 0.2465 : L 76 : T 64.0 sec
 - d_sub 2200 : OOB 0.2473 : L 77 : T 64.9 sec
 - d_sub 2200 : OOB 0.2473 : L 78 : T 65.7 sec
 - d_sub 2200 : OOB 0.2468 : L 79 : T 66.5 sec
 - d_sub 2200 : OOB 0.2469 : L 80 : T 67.4 sec
 - d_sub 2200 : OOB 0.2466 : L 81 : T 68.2 sec

 - d_sub 2400 : OOB 0.4159 : L 1 : T 1.0 sec
 - d_sub 2400 : OOB 0.3706 : L 2 : T 2.0 sec
 - d_sub 2400 : OOB 0.3360 : L 3 : T 3.0 sec
 - d_sub 2400 : OOB 0.3154 : L 4 : T 3.9 sec
 - d_sub 2400 : OOB 0.3009 : L 5 : T 4.9 sec
 - d_sub 2400 : OOB 0.2926 : L 6 : T 5.9 sec
 - d_sub 2400 : OOB 0.2832 : L 7 : T 6.9 sec
 - d_sub 2400 : OOB 0.2777 : L 8 : T 7.9 sec
 - d_sub 2400 : OOB 0.2737 : L 9 : T 8.8 sec
 - d_sub 2400 : OOB 0.2716 : L 10 : T 9.8 sec
 - d_sub 2400 : OOB 0.2699 : L 11 : T 10.8 sec
 - d_sub 2400 : OOB 0.2672 : L 12 : T 11.7 sec
 - d_sub 2400 : OOB 0.2651 : L 13 : T 12.8 sec
 - d_sub 2400 : OOB 0.2646 : L 14 : T 13.8 sec
 - d_sub 2400 : OOB 0.2625 : L 15 : T 14.8 sec
 - d_sub 2400 : OOB 0.2606 : L 16 : T 15.8 sec
 - d_sub 2400 : OOB 0.2603 : L 17 : T 16.9 sec
 - d_sub 2400 : OOB 0.2581 : L 18 : T 17.9 sec
 - d_sub 2400 : OOB 0.2574 : L 19 : T 18.9 sec
 - d_sub 2400 : OOB 0.2582 : L 20 : T 19.9 sec
 - d_sub 2400 : OOB 0.2571 : L 21 : T 20.9 sec
 - d_sub 2400 : OOB 0.2559 : L 22 : T 21.9 sec
 - d_sub 2400 : OOB 0.2556 : L 23 : T 22.9 sec
 - d_sub 2400 : OOB 0.2550 : L 24 : T 24.0 sec
 - d_sub 2400 : OOB 0.2553 : L 25 : T 25.0 sec
 - d_sub 2400 : OOB 0.2556 : L 26 : T 26.0 sec
 - d_sub 2400 : OOB 0.2551 : L 27 : T 27.0 sec
 - d_sub 2400 : OOB 0.2552 : L 28 : T 28.0 sec
 - d_sub 2400 : OOB 0.2547 : L 29 : T 29.0 sec
 - d_sub 2400 : OOB 0.2532 : L 30 : T 30.0 sec
 - d_sub 2400 : OOB 0.2533 : L 31 : T 31.0 sec
 - d_sub 2400 : OOB 0.2528 : L 32 : T 32.0 sec
 - d_sub 2400 : OOB 0.2522 : L 33 : T 33.0 sec
 - d_sub 2400 : OOB 0.2523 : L 34 : T 34.0 sec
 - d_sub 2400 : OOB 0.2525 : L 35 : T 35.0 sec
 - d_sub 2400 : OOB 0.2511 : L 36 : T 36.0 sec
 - d_sub 2400 : OOB 0.2520 : L 37 : T 37.1 sec
 - d_sub 2400 : OOB 0.2513 : L 38 : T 38.1 sec
 - d_sub 2400 : OOB 0.2514 : L 39 : T 39.1 sec
 - d_sub 2400 : OOB 0.2522 : L 40 : T 40.1 sec
 - d_sub 2400 : OOB 0.2515 : L 41 : T 41.1 sec
 - d_sub 2400 : OOB 0.2518 : L 42 : T 42.1 sec
 - d_sub 2400 : OOB 0.2508 : L 43 : T 43.1 sec
 - d_sub 2400 : OOB 0.2497 : L 44 : T 44.1 sec
 - d_sub 2400 : OOB 0.2506 : L 45 : T 45.1 sec
 - d_sub 2400 : OOB 0.2493 : L 46 : T 46.2 sec
 - d_sub 2400 : OOB 0.2506 : L 47 : T 47.2 sec
 - d_sub 2400 : OOB 0.2503 : L 48 : T 48.2 sec
 - d_sub 2400 : OOB 0.2506 : L 49 : T 49.2 sec
 - d_sub 2400 : OOB 0.2502 : L 50 : T 50.2 sec
 - d_sub 2400 : OOB 0.2504 : L 51 : T 51.3 sec
 - d_sub 2400 : OOB 0.2502 : L 52 : T 52.3 sec
 - d_sub 2400 : OOB 0.2494 : L 53 : T 53.3 sec
 - d_sub 2400 : OOB 0.2498 : L 54 : T 54.3 sec
 - d_sub 2400 : OOB 0.2491 : L 55 : T 55.3 sec
 - d_sub 2400 : OOB 0.2490 : L 56 : T 56.3 sec
 - d_sub 2400 : OOB 0.2493 : L 57 : T 57.3 sec
 - d_sub 2400 : OOB 0.2479 : L 58 : T 58.3 sec
 - d_sub 2400 : OOB 0.2491 : L 59 : T 59.3 sec
 - d_sub 2400 : OOB 0.2495 : L 60 : T 60.3 sec
 - d_sub 2400 : OOB 0.2491 : L 61 : T 61.3 sec
 - d_sub 2400 : OOB 0.2493 : L 62 : T 62.4 sec
 - d_sub 2400 : OOB 0.2485 : L 63 : T 63.3 sec
 - d_sub 2400 : OOB 0.2484 : L 64 : T 64.3 sec
 - d_sub 2400 : OOB 0.2479 : L 65 : T 65.4 sec
 - d_sub 2400 : OOB 0.2477 : L 66 : T 66.4 sec
 - d_sub 2400 : OOB 0.2479 : L 67 : T 67.4 sec
 - d_sub 2400 : OOB 0.2477 : L 68 : T 68.4 sec
 - d_sub 2400 : OOB 0.2471 : L 69 : T 69.4 sec
 - d_sub 2400 : OOB 0.2472 : L 70 : T 70.4 sec
 - d_sub 2400 : OOB 0.2464 : L 71 : T 71.4 sec
 - d_sub 2400 : OOB 0.2461 : L 72 : T 72.4 sec
 - d_sub 2400 : OOB 0.2462 : L 73 : T 73.4 sec
 - d_sub 2400 : OOB 0.2458 : L 74 : T 74.4 sec
 - d_sub 2400 : OOB 0.2469 : L 75 : T 75.4 sec
 - d_sub 2400 : OOB 0.2466 : L 76 : T 76.4 sec
 - d_sub 2400 : OOB 0.2465 : L 77 : T 77.4 sec
 - d_sub 2400 : OOB 0.2465 : L 78 : T 78.4 sec
 - d_sub 2400 : OOB 0.2469 : L 79 : T 79.4 sec
 - d_sub 2400 : OOB 0.2466 : L 80 : T 80.4 sec
 - d_sub 2400 : OOB 0.2462 : L 81 : T 81.4 sec
 - d_sub 2400 : OOB 0.2461 : L 82 : T 82.4 sec
 - d_sub 2400 : OOB 0.2458 : L 83 : T 83.4 sec
 - d_sub 2400 : OOB 0.2456 : L 84 : T 84.4 sec
 - d_sub 2400 : OOB 0.2459 : L 85 : T 85.4 sec
 - d_sub 2400 : OOB 0.2468 : L 86 : T 86.5 sec
 - d_sub 2400 : OOB 0.2465 : L 87 : T 87.5 sec
 - d_sub 2400 : OOB 0.2463 : L 88 : T 88.5 sec
 - d_sub 2400 : OOB 0.2468 : L 89 : T 89.5 sec
 - d_sub 2400 : OOB 0.2470 : L 90 : T 90.5 sec
# -------------------------
optimal d_sub 2000 : OOB 0.2456 : L 76 : T 439.2 sec
False Alarm Rate: 0.286400
Missed Detection Rate: 0.196400
Average Detection Error Rate: 0.241400
Mon Jul 19 16:13:21 CST 2021
