Thu Jul 15 20:48:33 CST 2021

                            < M A T L A B (R) >
                  Copyright 1984-2017 The MathWorks, Inc.
                   R2017a (9.2.0.538062) 64-bit (glnxa64)
                             February 23, 2017

 
To get started, type one of these: helpwin, helpdesk, or demo.
For product information, visit www.mathworks.com.
 
/data-x/g15/qinchuan/Spatial/imresize-256/S-UNIWARD/payload_0.4/
/data-x/g15/qinchuan/feature/Spatial/imresize-256/SRM/
feature extraction started.
feature extraction complete.
/data-x/g15/qinchuan/feature/Spatial/imresize-256/SRM/cover.mat
/data-x/g15/qinchuan/feature/Spatial/imresize-256/SRM/S-UNIWARD_0.4.mat
# -------------------------
# Ensemble classification
#  - Training samples: 30000 (15000/15000)
#  - Feature-space dimensionality: 34671
#  - L : automatic (min 25, max 500, length 50, eps 0.00500)
#  - d_sub : automatic (Eoob tolerance 0.0200, step 200)
#  - Seed 1 (subspaces) : 523572727
#  - Seed 2 (bootstrap) : 766288484
# -------------------------

 - d_sub 200 : OOB 0.4331 : L 1 : T 0.4 sec
 - d_sub 200 : OOB 0.3977 : L 2 : T 0.5 sec
 - d_sub 200 : OOB 0.3702 : L 3 : T 0.5 sec
 - d_sub 200 : OOB 0.3526 : L 4 : T 0.6 sec
 - d_sub 200 : OOB 0.3392 : L 5 : T 0.7 sec
 - d_sub 200 : OOB 0.3293 : L 6 : T 0.8 sec
 - d_sub 200 : OOB 0.3225 : L 7 : T 0.8 sec
 - d_sub 200 : OOB 0.3186 : L 8 : T 0.9 sec
 - d_sub 200 : OOB 0.3143 : L 9 : T 0.9 sec
 - d_sub 200 : OOB 0.3102 : L 10 : T 1.0 sec
 - d_sub 200 : OOB 0.3117 : L 11 : T 1.0 sec
 - d_sub 200 : OOB 0.3091 : L 12 : T 1.1 sec
 - d_sub 200 : OOB 0.3061 : L 13 : T 1.1 sec
 - d_sub 200 : OOB 0.3036 : L 14 : T 1.2 sec
 - d_sub 200 : OOB 0.3045 : L 15 : T 1.2 sec
 - d_sub 200 : OOB 0.3020 : L 16 : T 1.3 sec
 - d_sub 200 : OOB 0.3023 : L 17 : T 1.3 sec
 - d_sub 200 : OOB 0.2990 : L 18 : T 1.4 sec
 - d_sub 200 : OOB 0.3000 : L 19 : T 1.4 sec
 - d_sub 200 : OOB 0.2985 : L 20 : T 1.4 sec
 - d_sub 200 : OOB 0.2973 : L 21 : T 1.5 sec
 - d_sub 200 : OOB 0.2975 : L 22 : T 1.5 sec
 - d_sub 200 : OOB 0.2954 : L 23 : T 1.6 sec
 - d_sub 200 : OOB 0.2951 : L 24 : T 1.6 sec
 - d_sub 200 : OOB 0.2947 : L 25 : T 1.7 sec
 - d_sub 200 : OOB 0.2925 : L 26 : T 1.8 sec
 - d_sub 200 : OOB 0.2930 : L 27 : T 1.9 sec
 - d_sub 200 : OOB 0.2925 : L 28 : T 1.9 sec
 - d_sub 200 : OOB 0.2912 : L 29 : T 2.0 sec
 - d_sub 200 : OOB 0.2914 : L 30 : T 2.1 sec
 - d_sub 200 : OOB 0.2914 : L 31 : T 2.1 sec
 - d_sub 200 : OOB 0.2904 : L 32 : T 2.2 sec
 - d_sub 200 : OOB 0.2910 : L 33 : T 2.2 sec
 - d_sub 200 : OOB 0.2897 : L 34 : T 2.3 sec
 - d_sub 200 : OOB 0.2898 : L 35 : T 2.3 sec
 - d_sub 200 : OOB 0.2901 : L 36 : T 2.4 sec
 - d_sub 200 : OOB 0.2899 : L 37 : T 2.4 sec
 - d_sub 200 : OOB 0.2894 : L 38 : T 2.5 sec
 - d_sub 200 : OOB 0.2875 : L 39 : T 2.5 sec
 - d_sub 200 : OOB 0.2892 : L 40 : T 2.6 sec
 - d_sub 200 : OOB 0.2890 : L 41 : T 2.6 sec
 - d_sub 200 : OOB 0.2887 : L 42 : T 2.7 sec
 - d_sub 200 : OOB 0.2885 : L 43 : T 2.8 sec
 - d_sub 200 : OOB 0.2879 : L 44 : T 2.8 sec
 - d_sub 200 : OOB 0.2879 : L 45 : T 2.9 sec
 - d_sub 200 : OOB 0.2884 : L 46 : T 2.9 sec
 - d_sub 200 : OOB 0.2864 : L 47 : T 3.0 sec
 - d_sub 200 : OOB 0.2871 : L 48 : T 3.0 sec
 - d_sub 200 : OOB 0.2861 : L 49 : T 3.1 sec
 - d_sub 200 : OOB 0.2856 : L 50 : T 3.1 sec
 - d_sub 200 : OOB 0.2855 : L 51 : T 3.2 sec
 - d_sub 200 : OOB 0.2860 : L 52 : T 3.3 sec
 - d_sub 200 : OOB 0.2858 : L 53 : T 3.3 sec
 - d_sub 200 : OOB 0.2859 : L 54 : T 3.3 sec
 - d_sub 200 : OOB 0.2861 : L 55 : T 3.4 sec
 - d_sub 200 : OOB 0.2858 : L 56 : T 3.4 sec
 - d_sub 200 : OOB 0.2852 : L 57 : T 3.5 sec
 - d_sub 200 : OOB 0.2853 : L 58 : T 3.5 sec
 - d_sub 200 : OOB 0.2849 : L 59 : T 3.6 sec
 - d_sub 200 : OOB 0.2856 : L 60 : T 3.6 sec
 - d_sub 200 : OOB 0.2854 : L 61 : T 3.7 sec
 - d_sub 200 : OOB 0.2858 : L 62 : T 3.7 sec
 - d_sub 200 : OOB 0.2859 : L 63 : T 3.8 sec
 - d_sub 200 : OOB 0.2859 : L 64 : T 3.9 sec
 - d_sub 200 : OOB 0.2857 : L 65 : T 3.9 sec
 - d_sub 200 : OOB 0.2863 : L 66 : T 4.0 sec
 - d_sub 200 : OOB 0.2861 : L 67 : T 4.0 sec
 - d_sub 200 : OOB 0.2857 : L 68 : T 4.1 sec
 - d_sub 200 : OOB 0.2861 : L 69 : T 4.1 sec
 - d_sub 200 : OOB 0.2850 : L 70 : T 4.2 sec
 - d_sub 200 : OOB 0.2858 : L 71 : T 4.3 sec
 - d_sub 200 : OOB 0.2859 : L 72 : T 4.3 sec
 - d_sub 200 : OOB 0.2849 : L 73 : T 4.3 sec
 - d_sub 200 : OOB 0.2854 : L 74 : T 4.4 sec
 - d_sub 200 : OOB 0.2854 : L 75 : T 4.4 sec
 - d_sub 200 : OOB 0.2863 : L 76 : T 4.5 sec
 - d_sub 200 : OOB 0.2852 : L 77 : T 4.5 sec
 - d_sub 200 : OOB 0.2862 : L 78 : T 4.6 sec
 - d_sub 200 : OOB 0.2848 : L 79 : T 4.6 sec
 - d_sub 200 : OOB 0.2848 : L 80 : T 4.7 sec
 - d_sub 200 : OOB 0.2850 : L 81 : T 4.7 sec

 - d_sub 400 : OOB 0.4220 : L 1 : T 0.1 sec
 - d_sub 400 : OOB 0.3799 : L 2 : T 0.2 sec
 - d_sub 400 : OOB 0.3489 : L 3 : T 0.3 sec
 - d_sub 400 : OOB 0.3311 : L 4 : T 0.4 sec
 - d_sub 400 : OOB 0.3167 : L 5 : T 0.5 sec
 - d_sub 400 : OOB 0.3083 : L 6 : T 0.6 sec
 - d_sub 400 : OOB 0.3002 : L 7 : T 0.7 sec
 - d_sub 400 : OOB 0.2940 : L 8 : T 0.8 sec
 - d_sub 400 : OOB 0.2918 : L 9 : T 0.9 sec
 - d_sub 400 : OOB 0.2879 : L 10 : T 1.0 sec
 - d_sub 400 : OOB 0.2851 : L 11 : T 1.1 sec
 - d_sub 400 : OOB 0.2801 : L 12 : T 1.1 sec
 - d_sub 400 : OOB 0.2784 : L 13 : T 1.2 sec
 - d_sub 400 : OOB 0.2791 : L 14 : T 1.3 sec
 - d_sub 400 : OOB 0.2756 : L 15 : T 1.4 sec
 - d_sub 400 : OOB 0.2750 : L 16 : T 1.5 sec
 - d_sub 400 : OOB 0.2735 : L 17 : T 1.6 sec
 - d_sub 400 : OOB 0.2725 : L 18 : T 1.7 sec
 - d_sub 400 : OOB 0.2719 : L 19 : T 1.8 sec
 - d_sub 400 : OOB 0.2709 : L 20 : T 1.9 sec
 - d_sub 400 : OOB 0.2711 : L 21 : T 2.0 sec
 - d_sub 400 : OOB 0.2698 : L 22 : T 2.1 sec
 - d_sub 400 : OOB 0.2705 : L 23 : T 2.2 sec
 - d_sub 400 : OOB 0.2692 : L 24 : T 2.3 sec
 - d_sub 400 : OOB 0.2697 : L 25 : T 2.4 sec
 - d_sub 400 : OOB 0.2695 : L 26 : T 2.6 sec
 - d_sub 400 : OOB 0.2684 : L 27 : T 2.7 sec
 - d_sub 400 : OOB 0.2680 : L 28 : T 2.8 sec
 - d_sub 400 : OOB 0.2669 : L 29 : T 2.9 sec
 - d_sub 400 : OOB 0.2678 : L 30 : T 3.0 sec
 - d_sub 400 : OOB 0.2662 : L 31 : T 3.1 sec
 - d_sub 400 : OOB 0.2667 : L 32 : T 3.3 sec
 - d_sub 400 : OOB 0.2656 : L 33 : T 3.4 sec
 - d_sub 400 : OOB 0.2659 : L 34 : T 3.5 sec
 - d_sub 400 : OOB 0.2661 : L 35 : T 3.6 sec
 - d_sub 400 : OOB 0.2654 : L 36 : T 3.7 sec
 - d_sub 400 : OOB 0.2642 : L 37 : T 3.8 sec
 - d_sub 400 : OOB 0.2643 : L 38 : T 3.9 sec
 - d_sub 400 : OOB 0.2644 : L 39 : T 4.0 sec
 - d_sub 400 : OOB 0.2637 : L 40 : T 4.1 sec
 - d_sub 400 : OOB 0.2640 : L 41 : T 4.2 sec
 - d_sub 400 : OOB 0.2637 : L 42 : T 4.4 sec
 - d_sub 400 : OOB 0.2634 : L 43 : T 4.5 sec
 - d_sub 400 : OOB 0.2637 : L 44 : T 4.6 sec
 - d_sub 400 : OOB 0.2645 : L 45 : T 4.7 sec
 - d_sub 400 : OOB 0.2638 : L 46 : T 4.8 sec
 - d_sub 400 : OOB 0.2631 : L 47 : T 4.9 sec
 - d_sub 400 : OOB 0.2639 : L 48 : T 5.0 sec
 - d_sub 400 : OOB 0.2631 : L 49 : T 5.1 sec
 - d_sub 400 : OOB 0.2641 : L 50 : T 5.2 sec
 - d_sub 400 : OOB 0.2631 : L 51 : T 5.3 sec
 - d_sub 400 : OOB 0.2629 : L 52 : T 5.3 sec
 - d_sub 400 : OOB 0.2624 : L 53 : T 5.4 sec
 - d_sub 400 : OOB 0.2622 : L 54 : T 5.5 sec
 - d_sub 400 : OOB 0.2616 : L 55 : T 5.6 sec
 - d_sub 400 : OOB 0.2623 : L 56 : T 5.7 sec
 - d_sub 400 : OOB 0.2619 : L 57 : T 5.8 sec
 - d_sub 400 : OOB 0.2615 : L 58 : T 5.9 sec
 - d_sub 400 : OOB 0.2618 : L 59 : T 6.1 sec
 - d_sub 400 : OOB 0.2618 : L 60 : T 6.2 sec
 - d_sub 400 : OOB 0.2616 : L 61 : T 6.3 sec
 - d_sub 400 : OOB 0.2620 : L 62 : T 6.4 sec
 - d_sub 400 : OOB 0.2614 : L 63 : T 6.5 sec
 - d_sub 400 : OOB 0.2617 : L 64 : T 6.6 sec
 - d_sub 400 : OOB 0.2615 : L 65 : T 6.7 sec
 - d_sub 400 : OOB 0.2610 : L 66 : T 6.8 sec
 - d_sub 400 : OOB 0.2611 : L 67 : T 6.9 sec
 - d_sub 400 : OOB 0.2610 : L 68 : T 7.0 sec
 - d_sub 400 : OOB 0.2605 : L 69 : T 7.1 sec
 - d_sub 400 : OOB 0.2614 : L 70 : T 7.2 sec
 - d_sub 400 : OOB 0.2612 : L 71 : T 7.3 sec
 - d_sub 400 : OOB 0.2609 : L 72 : T 7.4 sec
 - d_sub 400 : OOB 0.2609 : L 73 : T 7.5 sec
 - d_sub 400 : OOB 0.2607 : L 74 : T 7.6 sec
 - d_sub 400 : OOB 0.2616 : L 75 : T 7.6 sec
 - d_sub 400 : OOB 0.2613 : L 76 : T 7.7 sec
 - d_sub 400 : OOB 0.2606 : L 77 : T 7.8 sec
 - d_sub 400 : OOB 0.2617 : L 78 : T 7.9 sec
 - d_sub 400 : OOB 0.2613 : L 79 : T 8.0 sec
 - d_sub 400 : OOB 0.2615 : L 80 : T 8.1 sec
 - d_sub 400 : OOB 0.2616 : L 81 : T 8.2 sec

 - d_sub 600 : OOB 0.4198 : L 1 : T 0.2 sec
 - d_sub 600 : OOB 0.3737 : L 2 : T 0.3 sec
 - d_sub 600 : OOB 0.3430 : L 3 : T 0.5 sec
 - d_sub 600 : OOB 0.3216 : L 4 : T 0.7 sec
 - d_sub 600 : OOB 0.3068 : L 5 : T 0.9 sec
 - d_sub 600 : OOB 0.2976 : L 6 : T 1.0 sec
 - d_sub 600 : OOB 0.2906 : L 7 : T 1.2 sec
 - d_sub 600 : OOB 0.2846 : L 8 : T 1.4 sec
 - d_sub 600 : OOB 0.2780 : L 9 : T 1.6 sec
 - d_sub 600 : OOB 0.2751 : L 10 : T 1.8 sec
 - d_sub 600 : OOB 0.2726 : L 11 : T 2.0 sec
 - d_sub 600 : OOB 0.2705 : L 12 : T 2.1 sec
 - d_sub 600 : OOB 0.2699 : L 13 : T 2.3 sec
 - d_sub 600 : OOB 0.2696 : L 14 : T 2.5 sec
 - d_sub 600 : OOB 0.2686 : L 15 : T 2.6 sec
 - d_sub 600 : OOB 0.2664 : L 16 : T 2.8 sec
 - d_sub 600 : OOB 0.2668 : L 17 : T 3.0 sec
 - d_sub 600 : OOB 0.2673 : L 18 : T 3.2 sec
 - d_sub 600 : OOB 0.2638 : L 19 : T 3.3 sec
 - d_sub 600 : OOB 0.2637 : L 20 : T 3.5 sec
 - d_sub 600 : OOB 0.2644 : L 21 : T 3.7 sec
 - d_sub 600 : OOB 0.2635 : L 22 : T 3.9 sec
 - d_sub 600 : OOB 0.2641 : L 23 : T 4.0 sec
 - d_sub 600 : OOB 0.2627 : L 24 : T 4.2 sec
 - d_sub 600 : OOB 0.2625 : L 25 : T 4.4 sec
 - d_sub 600 : OOB 0.2618 : L 26 : T 4.6 sec
 - d_sub 600 : OOB 0.2610 : L 27 : T 4.8 sec
 - d_sub 600 : OOB 0.2608 : L 28 : T 5.0 sec
 - d_sub 600 : OOB 0.2599 : L 29 : T 5.1 sec
 - d_sub 600 : OOB 0.2591 : L 30 : T 5.3 sec
 - d_sub 600 : OOB 0.2596 : L 31 : T 5.5 sec
 - d_sub 600 : OOB 0.2584 : L 32 : T 5.7 sec
 - d_sub 600 : OOB 0.2593 : L 33 : T 5.8 sec
 - d_sub 600 : OOB 0.2574 : L 34 : T 6.0 sec
 - d_sub 600 : OOB 0.2577 : L 35 : T 6.2 sec
 - d_sub 600 : OOB 0.2564 : L 36 : T 6.4 sec
 - d_sub 600 : OOB 0.2568 : L 37 : T 6.6 sec
 - d_sub 600 : OOB 0.2576 : L 38 : T 6.7 sec
 - d_sub 600 : OOB 0.2577 : L 39 : T 6.9 sec
 - d_sub 600 : OOB 0.2576 : L 40 : T 7.1 sec
 - d_sub 600 : OOB 0.2567 : L 41 : T 7.3 sec
 - d_sub 600 : OOB 0.2561 : L 42 : T 7.5 sec
 - d_sub 600 : OOB 0.2569 : L 43 : T 7.6 sec
 - d_sub 600 : OOB 0.2567 : L 44 : T 7.8 sec
 - d_sub 600 : OOB 0.2557 : L 45 : T 8.0 sec
 - d_sub 600 : OOB 0.2560 : L 46 : T 8.2 sec
 - d_sub 600 : OOB 0.2563 : L 47 : T 8.3 sec
 - d_sub 600 : OOB 0.2567 : L 48 : T 8.5 sec
 - d_sub 600 : OOB 0.2564 : L 49 : T 8.7 sec
 - d_sub 600 : OOB 0.2558 : L 50 : T 8.9 sec
 - d_sub 600 : OOB 0.2550 : L 51 : T 9.1 sec
 - d_sub 600 : OOB 0.2558 : L 52 : T 9.3 sec
 - d_sub 600 : OOB 0.2553 : L 53 : T 9.4 sec
 - d_sub 600 : OOB 0.2558 : L 54 : T 9.6 sec
 - d_sub 600 : OOB 0.2549 : L 55 : T 9.8 sec
 - d_sub 600 : OOB 0.2548 : L 56 : T 10.0 sec
 - d_sub 600 : OOB 0.2546 : L 57 : T 10.2 sec
 - d_sub 600 : OOB 0.2541 : L 58 : T 10.3 sec
 - d_sub 600 : OOB 0.2542 : L 59 : T 10.5 sec
 - d_sub 600 : OOB 0.2543 : L 60 : T 10.7 sec
 - d_sub 600 : OOB 0.2545 : L 61 : T 10.9 sec
 - d_sub 600 : OOB 0.2542 : L 62 : T 11.1 sec
 - d_sub 600 : OOB 0.2541 : L 63 : T 11.3 sec
 - d_sub 600 : OOB 0.2545 : L 64 : T 11.4 sec
 - d_sub 600 : OOB 0.2542 : L 65 : T 11.6 sec
 - d_sub 600 : OOB 0.2542 : L 66 : T 11.8 sec
 - d_sub 600 : OOB 0.2542 : L 67 : T 11.9 sec
 - d_sub 600 : OOB 0.2533 : L 68 : T 12.1 sec
 - d_sub 600 : OOB 0.2540 : L 69 : T 12.3 sec
 - d_sub 600 : OOB 0.2534 : L 70 : T 12.5 sec
 - d_sub 600 : OOB 0.2532 : L 71 : T 12.7 sec
 - d_sub 600 : OOB 0.2534 : L 72 : T 12.9 sec
 - d_sub 600 : OOB 0.2531 : L 73 : T 13.1 sec
 - d_sub 600 : OOB 0.2533 : L 74 : T 13.3 sec
 - d_sub 600 : OOB 0.2536 : L 75 : T 13.5 sec
 - d_sub 600 : OOB 0.2539 : L 76 : T 13.7 sec
 - d_sub 600 : OOB 0.2531 : L 77 : T 13.9 sec
 - d_sub 600 : OOB 0.2528 : L 78 : T 14.0 sec
 - d_sub 600 : OOB 0.2528 : L 79 : T 14.2 sec
 - d_sub 600 : OOB 0.2528 : L 80 : T 14.3 sec
 - d_sub 600 : OOB 0.2528 : L 81 : T 14.5 sec

 - d_sub 800 : OOB 0.4166 : L 1 : T 0.2 sec
 - d_sub 800 : OOB 0.3742 : L 2 : T 0.5 sec
 - d_sub 800 : OOB 0.3419 : L 3 : T 0.7 sec
 - d_sub 800 : OOB 0.3186 : L 4 : T 0.9 sec
 - d_sub 800 : OOB 0.3018 : L 5 : T 1.1 sec
 - d_sub 800 : OOB 0.2918 : L 6 : T 1.4 sec
 - d_sub 800 : OOB 0.2833 : L 7 : T 1.7 sec
 - d_sub 800 : OOB 0.2789 : L 8 : T 1.9 sec
 - d_sub 800 : OOB 0.2732 : L 9 : T 2.1 sec
 - d_sub 800 : OOB 0.2694 : L 10 : T 2.4 sec
 - d_sub 800 : OOB 0.2681 : L 11 : T 2.6 sec
 - d_sub 800 : OOB 0.2650 : L 12 : T 2.9 sec
 - d_sub 800 : OOB 0.2649 : L 13 : T 3.1 sec
 - d_sub 800 : OOB 0.2641 : L 14 : T 3.4 sec
 - d_sub 800 : OOB 0.2620 : L 15 : T 3.6 sec
 - d_sub 800 : OOB 0.2626 : L 16 : T 3.9 sec
 - d_sub 800 : OOB 0.2598 : L 17 : T 4.2 sec
 - d_sub 800 : OOB 0.2586 : L 18 : T 4.4 sec
 - d_sub 800 : OOB 0.2571 : L 19 : T 4.6 sec
 - d_sub 800 : OOB 0.2576 : L 20 : T 4.9 sec
 - d_sub 800 : OOB 0.2576 : L 21 : T 5.1 sec
 - d_sub 800 : OOB 0.2563 : L 22 : T 5.3 sec
 - d_sub 800 : OOB 0.2558 : L 23 : T 5.5 sec
 - d_sub 800 : OOB 0.2564 : L 24 : T 5.7 sec
 - d_sub 800 : OOB 0.2556 : L 25 : T 6.0 sec
 - d_sub 800 : OOB 0.2558 : L 26 : T 6.2 sec
 - d_sub 800 : OOB 0.2540 : L 27 : T 6.5 sec
 - d_sub 800 : OOB 0.2540 : L 28 : T 6.7 sec
 - d_sub 800 : OOB 0.2539 : L 29 : T 6.9 sec
 - d_sub 800 : OOB 0.2546 : L 30 : T 7.1 sec
 - d_sub 800 : OOB 0.2543 : L 31 : T 7.3 sec
 - d_sub 800 : OOB 0.2533 : L 32 : T 7.6 sec
 - d_sub 800 : OOB 0.2532 : L 33 : T 7.8 sec
 - d_sub 800 : OOB 0.2534 : L 34 : T 8.0 sec
 - d_sub 800 : OOB 0.2521 : L 35 : T 8.3 sec
 - d_sub 800 : OOB 0.2518 : L 36 : T 8.5 sec
 - d_sub 800 : OOB 0.2519 : L 37 : T 8.7 sec
 - d_sub 800 : OOB 0.2519 : L 38 : T 8.9 sec
 - d_sub 800 : OOB 0.2519 : L 39 : T 9.1 sec
 - d_sub 800 : OOB 0.2516 : L 40 : T 9.3 sec
 - d_sub 800 : OOB 0.2515 : L 41 : T 9.6 sec
 - d_sub 800 : OOB 0.2505 : L 42 : T 9.9 sec
 - d_sub 800 : OOB 0.2508 : L 43 : T 10.1 sec
 - d_sub 800 : OOB 0.2508 : L 44 : T 10.4 sec
 - d_sub 800 : OOB 0.2497 : L 45 : T 10.6 sec
 - d_sub 800 : OOB 0.2504 : L 46 : T 10.9 sec
 - d_sub 800 : OOB 0.2505 : L 47 : T 11.1 sec
 - d_sub 800 : OOB 0.2499 : L 48 : T 11.4 sec
 - d_sub 800 : OOB 0.2510 : L 49 : T 11.6 sec
 - d_sub 800 : OOB 0.2504 : L 50 : T 11.8 sec
 - d_sub 800 : OOB 0.2505 : L 51 : T 12.0 sec
 - d_sub 800 : OOB 0.2500 : L 52 : T 12.2 sec
 - d_sub 800 : OOB 0.2504 : L 53 : T 12.4 sec
 - d_sub 800 : OOB 0.2493 : L 54 : T 12.7 sec
 - d_sub 800 : OOB 0.2493 : L 55 : T 12.9 sec
 - d_sub 800 : OOB 0.2485 : L 56 : T 13.1 sec
 - d_sub 800 : OOB 0.2491 : L 57 : T 13.4 sec
 - d_sub 800 : OOB 0.2495 : L 58 : T 13.6 sec
 - d_sub 800 : OOB 0.2495 : L 59 : T 13.8 sec
 - d_sub 800 : OOB 0.2491 : L 60 : T 14.0 sec
 - d_sub 800 : OOB 0.2491 : L 61 : T 14.2 sec
 - d_sub 800 : OOB 0.2484 : L 62 : T 14.5 sec
 - d_sub 800 : OOB 0.2479 : L 63 : T 14.7 sec
 - d_sub 800 : OOB 0.2481 : L 64 : T 15.0 sec
 - d_sub 800 : OOB 0.2479 : L 65 : T 15.2 sec
 - d_sub 800 : OOB 0.2479 : L 66 : T 15.5 sec
 - d_sub 800 : OOB 0.2472 : L 67 : T 15.7 sec
 - d_sub 800 : OOB 0.2477 : L 68 : T 16.0 sec
 - d_sub 800 : OOB 0.2475 : L 69 : T 16.2 sec
 - d_sub 800 : OOB 0.2466 : L 70 : T 16.5 sec
 - d_sub 800 : OOB 0.2476 : L 71 : T 16.7 sec
 - d_sub 800 : OOB 0.2472 : L 72 : T 17.0 sec
 - d_sub 800 : OOB 0.2474 : L 73 : T 17.2 sec
 - d_sub 800 : OOB 0.2473 : L 74 : T 17.5 sec
 - d_sub 800 : OOB 0.2475 : L 75 : T 17.7 sec
 - d_sub 800 : OOB 0.2478 : L 76 : T 17.9 sec
 - d_sub 800 : OOB 0.2475 : L 77 : T 18.2 sec
 - d_sub 800 : OOB 0.2477 : L 78 : T 18.4 sec
 - d_sub 800 : OOB 0.2479 : L 79 : T 18.7 sec
 - d_sub 800 : OOB 0.2475 : L 80 : T 18.9 sec
 - d_sub 800 : OOB 0.2476 : L 81 : T 19.2 sec
 - d_sub 800 : OOB 0.2474 : L 82 : T 19.4 sec
 - d_sub 800 : OOB 0.2469 : L 83 : T 19.6 sec

 - d_sub 1000 : OOB 0.4160 : L 1 : T 0.4 sec
 - d_sub 1000 : OOB 0.3708 : L 2 : T 0.7 sec
 - d_sub 1000 : OOB 0.3362 : L 3 : T 1.0 sec
 - d_sub 1000 : OOB 0.3136 : L 4 : T 1.3 sec
 - d_sub 1000 : OOB 0.2977 : L 5 : T 1.7 sec
 - d_sub 1000 : OOB 0.2893 : L 6 : T 2.0 sec
 - d_sub 1000 : OOB 0.2810 : L 7 : T 2.3 sec
 - d_sub 1000 : OOB 0.2755 : L 8 : T 2.6 sec
 - d_sub 1000 : OOB 0.2676 : L 9 : T 3.0 sec
 - d_sub 1000 : OOB 0.2648 : L 10 : T 3.4 sec
 - d_sub 1000 : OOB 0.2639 : L 11 : T 3.7 sec
 - d_sub 1000 : OOB 0.2607 : L 12 : T 4.1 sec
 - d_sub 1000 : OOB 0.2590 : L 13 : T 4.4 sec
 - d_sub 1000 : OOB 0.2571 : L 14 : T 4.8 sec
 - d_sub 1000 : OOB 0.2563 : L 15 : T 5.2 sec
 - d_sub 1000 : OOB 0.2554 : L 16 : T 5.5 sec
 - d_sub 1000 : OOB 0.2550 : L 17 : T 5.8 sec
 - d_sub 1000 : OOB 0.2541 : L 18 : T 6.2 sec
 - d_sub 1000 : OOB 0.2550 : L 19 : T 6.4 sec
 - d_sub 1000 : OOB 0.2525 : L 20 : T 6.8 sec
 - d_sub 1000 : OOB 0.2527 : L 21 : T 7.1 sec
 - d_sub 1000 : OOB 0.2535 : L 22 : T 7.4 sec
 - d_sub 1000 : OOB 0.2526 : L 23 : T 7.7 sec
 - d_sub 1000 : OOB 0.2518 : L 24 : T 8.0 sec
 - d_sub 1000 : OOB 0.2505 : L 25 : T 8.3 sec
 - d_sub 1000 : OOB 0.2501 : L 26 : T 8.7 sec
 - d_sub 1000 : OOB 0.2503 : L 27 : T 9.1 sec
 - d_sub 1000 : OOB 0.2491 : L 28 : T 9.4 sec
 - d_sub 1000 : OOB 0.2489 : L 29 : T 9.8 sec
 - d_sub 1000 : OOB 0.2494 : L 30 : T 10.2 sec
 - d_sub 1000 : OOB 0.2497 : L 31 : T 10.5 sec
 - d_sub 1000 : OOB 0.2493 : L 32 : T 10.9 sec
 - d_sub 1000 : OOB 0.2488 : L 33 : T 11.2 sec
 - d_sub 1000 : OOB 0.2483 : L 34 : T 11.5 sec
 - d_sub 1000 : OOB 0.2477 : L 35 : T 11.9 sec
 - d_sub 1000 : OOB 0.2470 : L 36 : T 12.2 sec
 - d_sub 1000 : OOB 0.2477 : L 37 : T 12.5 sec
 - d_sub 1000 : OOB 0.2471 : L 38 : T 12.8 sec
 - d_sub 1000 : OOB 0.2478 : L 39 : T 13.2 sec
 - d_sub 1000 : OOB 0.2473 : L 40 : T 13.5 sec
 - d_sub 1000 : OOB 0.2475 : L 41 : T 13.8 sec
 - d_sub 1000 : OOB 0.2467 : L 42 : T 14.2 sec
 - d_sub 1000 : OOB 0.2467 : L 43 : T 14.5 sec
 - d_sub 1000 : OOB 0.2462 : L 44 : T 14.8 sec
 - d_sub 1000 : OOB 0.2471 : L 45 : T 15.2 sec
 - d_sub 1000 : OOB 0.2469 : L 46 : T 15.5 sec
 - d_sub 1000 : OOB 0.2466 : L 47 : T 15.8 sec
 - d_sub 1000 : OOB 0.2468 : L 48 : T 16.1 sec
 - d_sub 1000 : OOB 0.2466 : L 49 : T 16.4 sec
 - d_sub 1000 : OOB 0.2463 : L 50 : T 16.7 sec
 - d_sub 1000 : OOB 0.2459 : L 51 : T 17.1 sec
 - d_sub 1000 : OOB 0.2454 : L 52 : T 17.4 sec
 - d_sub 1000 : OOB 0.2459 : L 53 : T 17.7 sec
 - d_sub 1000 : OOB 0.2452 : L 54 : T 18.1 sec
 - d_sub 1000 : OOB 0.2460 : L 55 : T 18.5 sec
 - d_sub 1000 : OOB 0.2444 : L 56 : T 18.8 sec
 - d_sub 1000 : OOB 0.2448 : L 57 : T 19.2 sec
 - d_sub 1000 : OOB 0.2441 : L 58 : T 19.5 sec
 - d_sub 1000 : OOB 0.2445 : L 59 : T 19.8 sec
 - d_sub 1000 : OOB 0.2443 : L 60 : T 20.2 sec
 - d_sub 1000 : OOB 0.2443 : L 61 : T 20.5 sec
 - d_sub 1000 : OOB 0.2445 : L 62 : T 20.8 sec
 - d_sub 1000 : OOB 0.2447 : L 63 : T 21.2 sec
 - d_sub 1000 : OOB 0.2449 : L 64 : T 21.5 sec
 - d_sub 1000 : OOB 0.2442 : L 65 : T 21.8 sec
 - d_sub 1000 : OOB 0.2441 : L 66 : T 22.2 sec
 - d_sub 1000 : OOB 0.2447 : L 67 : T 22.5 sec
 - d_sub 1000 : OOB 0.2447 : L 68 : T 22.8 sec
 - d_sub 1000 : OOB 0.2441 : L 69 : T 23.2 sec
 - d_sub 1000 : OOB 0.2445 : L 70 : T 23.5 sec
 - d_sub 1000 : OOB 0.2439 : L 71 : T 24.0 sec
 - d_sub 1000 : OOB 0.2437 : L 72 : T 24.3 sec
 - d_sub 1000 : OOB 0.2436 : L 73 : T 24.7 sec
 - d_sub 1000 : OOB 0.2440 : L 74 : T 25.0 sec
 - d_sub 1000 : OOB 0.2428 : L 75 : T 25.3 sec
 - d_sub 1000 : OOB 0.2438 : L 76 : T 25.6 sec
 - d_sub 1000 : OOB 0.2435 : L 77 : T 26.0 sec
 - d_sub 1000 : OOB 0.2432 : L 78 : T 26.4 sec
 - d_sub 1000 : OOB 0.2435 : L 79 : T 26.7 sec
 - d_sub 1000 : OOB 0.2433 : L 80 : T 27.1 sec
 - d_sub 1000 : OOB 0.2427 : L 81 : T 27.4 sec

 - d_sub 1200 : OOB 0.4149 : L 1 : T 0.4 sec
 - d_sub 1200 : OOB 0.3676 : L 2 : T 0.8 sec
 - d_sub 1200 : OOB 0.3317 : L 3 : T 1.3 sec
 - d_sub 1200 : OOB 0.3079 : L 4 : T 1.7 sec
 - d_sub 1200 : OOB 0.2926 : L 5 : T 2.1 sec
 - d_sub 1200 : OOB 0.2814 : L 6 : T 2.5 sec
 - d_sub 1200 : OOB 0.2728 : L 7 : T 2.9 sec
 - d_sub 1200 : OOB 0.2691 : L 8 : T 3.3 sec
 - d_sub 1200 : OOB 0.2664 : L 9 : T 3.7 sec
 - d_sub 1200 : OOB 0.2637 : L 10 : T 4.0 sec
 - d_sub 1200 : OOB 0.2612 : L 11 : T 4.4 sec
 - d_sub 1200 : OOB 0.2586 : L 12 : T 4.8 sec
 - d_sub 1200 : OOB 0.2571 : L 13 : T 5.2 sec
 - d_sub 1200 : OOB 0.2547 : L 14 : T 5.7 sec
 - d_sub 1200 : OOB 0.2539 : L 15 : T 6.1 sec
 - d_sub 1200 : OOB 0.2543 : L 16 : T 6.5 sec
 - d_sub 1200 : OOB 0.2533 : L 17 : T 6.9 sec
 - d_sub 1200 : OOB 0.2528 : L 18 : T 7.3 sec
 - d_sub 1200 : OOB 0.2519 : L 19 : T 7.7 sec
 - d_sub 1200 : OOB 0.2503 : L 20 : T 8.1 sec
 - d_sub 1200 : OOB 0.2497 : L 21 : T 8.5 sec
 - d_sub 1200 : OOB 0.2490 : L 22 : T 8.9 sec
 - d_sub 1200 : OOB 0.2493 : L 23 : T 9.2 sec
 - d_sub 1200 : OOB 0.2490 : L 24 : T 9.6 sec
 - d_sub 1200 : OOB 0.2494 : L 25 : T 10.0 sec
 - d_sub 1200 : OOB 0.2480 : L 26 : T 10.4 sec
 - d_sub 1200 : OOB 0.2480 : L 27 : T 10.8 sec
 - d_sub 1200 : OOB 0.2476 : L 28 : T 11.3 sec
 - d_sub 1200 : OOB 0.2460 : L 29 : T 11.7 sec
 - d_sub 1200 : OOB 0.2470 : L 30 : T 12.1 sec
 - d_sub 1200 : OOB 0.2452 : L 31 : T 12.6 sec
 - d_sub 1200 : OOB 0.2446 : L 32 : T 13.0 sec
 - d_sub 1200 : OOB 0.2451 : L 33 : T 13.4 sec
 - d_sub 1200 : OOB 0.2438 : L 34 : T 13.8 sec
 - d_sub 1200 : OOB 0.2445 : L 35 : T 14.3 sec
 - d_sub 1200 : OOB 0.2439 : L 36 : T 14.7 sec
 - d_sub 1200 : OOB 0.2449 : L 37 : T 15.1 sec
 - d_sub 1200 : OOB 0.2454 : L 38 : T 15.5 sec
 - d_sub 1200 : OOB 0.2442 : L 39 : T 16.0 sec
 - d_sub 1200 : OOB 0.2444 : L 40 : T 16.5 sec
 - d_sub 1200 : OOB 0.2446 : L 41 : T 16.9 sec
 - d_sub 1200 : OOB 0.2435 : L 42 : T 17.3 sec
 - d_sub 1200 : OOB 0.2441 : L 43 : T 17.7 sec
 - d_sub 1200 : OOB 0.2437 : L 44 : T 18.1 sec
 - d_sub 1200 : OOB 0.2436 : L 45 : T 18.5 sec
 - d_sub 1200 : OOB 0.2439 : L 46 : T 18.9 sec
 - d_sub 1200 : OOB 0.2430 : L 47 : T 19.3 sec
 - d_sub 1200 : OOB 0.2438 : L 48 : T 19.7 sec
 - d_sub 1200 : OOB 0.2428 : L 49 : T 20.1 sec
 - d_sub 1200 : OOB 0.2424 : L 50 : T 20.5 sec
 - d_sub 1200 : OOB 0.2423 : L 51 : T 20.9 sec
 - d_sub 1200 : OOB 0.2419 : L 52 : T 21.3 sec
 - d_sub 1200 : OOB 0.2422 : L 53 : T 21.8 sec
 - d_sub 1200 : OOB 0.2414 : L 54 : T 22.2 sec
 - d_sub 1200 : OOB 0.2421 : L 55 : T 22.6 sec
 - d_sub 1200 : OOB 0.2414 : L 56 : T 23.0 sec
 - d_sub 1200 : OOB 0.2411 : L 57 : T 23.4 sec
 - d_sub 1200 : OOB 0.2412 : L 58 : T 23.8 sec
 - d_sub 1200 : OOB 0.2418 : L 59 : T 24.2 sec
 - d_sub 1200 : OOB 0.2411 : L 60 : T 24.6 sec
 - d_sub 1200 : OOB 0.2409 : L 61 : T 25.0 sec
 - d_sub 1200 : OOB 0.2412 : L 62 : T 25.3 sec
 - d_sub 1200 : OOB 0.2406 : L 63 : T 25.7 sec
 - d_sub 1200 : OOB 0.2412 : L 64 : T 26.2 sec
 - d_sub 1200 : OOB 0.2405 : L 65 : T 26.6 sec
 - d_sub 1200 : OOB 0.2409 : L 66 : T 27.0 sec
 - d_sub 1200 : OOB 0.2403 : L 67 : T 27.4 sec
 - d_sub 1200 : OOB 0.2404 : L 68 : T 27.8 sec
 - d_sub 1200 : OOB 0.2414 : L 69 : T 28.2 sec
 - d_sub 1200 : OOB 0.2411 : L 70 : T 28.7 sec
 - d_sub 1200 : OOB 0.2417 : L 71 : T 29.1 sec
 - d_sub 1200 : OOB 0.2411 : L 72 : T 29.5 sec
 - d_sub 1200 : OOB 0.2409 : L 73 : T 29.9 sec
 - d_sub 1200 : OOB 0.2416 : L 74 : T 30.3 sec
 - d_sub 1200 : OOB 0.2411 : L 75 : T 30.8 sec
 - d_sub 1200 : OOB 0.2405 : L 76 : T 31.2 sec
 - d_sub 1200 : OOB 0.2411 : L 77 : T 31.7 sec
 - d_sub 1200 : OOB 0.2407 : L 78 : T 32.1 sec

 - d_sub 1400 : OOB 0.4134 : L 1 : T 0.5 sec
 - d_sub 1400 : OOB 0.3664 : L 2 : T 1.0 sec
 - d_sub 1400 : OOB 0.3325 : L 3 : T 1.5 sec
 - d_sub 1400 : OOB 0.3108 : L 4 : T 2.1 sec
 - d_sub 1400 : OOB 0.2943 : L 5 : T 2.6 sec
 - d_sub 1400 : OOB 0.2842 : L 6 : T 3.1 sec
 - d_sub 1400 : OOB 0.2771 : L 7 : T 3.6 sec
 - d_sub 1400 : OOB 0.2725 : L 8 : T 4.1 sec
 - d_sub 1400 : OOB 0.2647 : L 9 : T 4.7 sec
 - d_sub 1400 : OOB 0.2611 : L 10 : T 5.2 sec
 - d_sub 1400 : OOB 0.2600 : L 11 : T 5.7 sec
 - d_sub 1400 : OOB 0.2574 : L 12 : T 6.2 sec
 - d_sub 1400 : OOB 0.2557 : L 13 : T 6.7 sec
 - d_sub 1400 : OOB 0.2553 : L 14 : T 7.3 sec
 - d_sub 1400 : OOB 0.2535 : L 15 : T 7.8 sec
 - d_sub 1400 : OOB 0.2540 : L 16 : T 8.3 sec
 - d_sub 1400 : OOB 0.2505 : L 17 : T 8.8 sec
 - d_sub 1400 : OOB 0.2493 : L 18 : T 9.3 sec
 - d_sub 1400 : OOB 0.2482 : L 19 : T 9.7 sec
 - d_sub 1400 : OOB 0.2490 : L 20 : T 10.3 sec
 - d_sub 1400 : OOB 0.2480 : L 21 : T 10.8 sec
 - d_sub 1400 : OOB 0.2487 : L 22 : T 11.3 sec
 - d_sub 1400 : OOB 0.2474 : L 23 : T 11.8 sec
 - d_sub 1400 : OOB 0.2485 : L 24 : T 12.3 sec
 - d_sub 1400 : OOB 0.2471 : L 25 : T 12.8 sec
 - d_sub 1400 : OOB 0.2462 : L 26 : T 13.3 sec
 - d_sub 1400 : OOB 0.2447 : L 27 : T 13.8 sec
 - d_sub 1400 : OOB 0.2450 : L 28 : T 14.4 sec
 - d_sub 1400 : OOB 0.2449 : L 29 : T 14.9 sec
 - d_sub 1400 : OOB 0.2446 : L 30 : T 15.4 sec
 - d_sub 1400 : OOB 0.2449 : L 31 : T 15.9 sec
 - d_sub 1400 : OOB 0.2441 : L 32 : T 16.5 sec
 - d_sub 1400 : OOB 0.2441 : L 33 : T 17.0 sec
 - d_sub 1400 : OOB 0.2429 : L 34 : T 17.5 sec
 - d_sub 1400 : OOB 0.2423 : L 35 : T 18.0 sec
 - d_sub 1400 : OOB 0.2428 : L 36 : T 18.5 sec
 - d_sub 1400 : OOB 0.2429 : L 37 : T 19.1 sec
 - d_sub 1400 : OOB 0.2418 : L 38 : T 19.6 sec
 - d_sub 1400 : OOB 0.2428 : L 39 : T 20.1 sec
 - d_sub 1400 : OOB 0.2415 : L 40 : T 20.6 sec
 - d_sub 1400 : OOB 0.2419 : L 41 : T 21.2 sec
 - d_sub 1400 : OOB 0.2417 : L 42 : T 21.8 sec
 - d_sub 1400 : OOB 0.2411 : L 43 : T 22.3 sec
 - d_sub 1400 : OOB 0.2414 : L 44 : T 22.8 sec
 - d_sub 1400 : OOB 0.2417 : L 45 : T 23.3 sec
 - d_sub 1400 : OOB 0.2402 : L 46 : T 23.8 sec
 - d_sub 1400 : OOB 0.2399 : L 47 : T 24.3 sec
 - d_sub 1400 : OOB 0.2407 : L 48 : T 24.8 sec
 - d_sub 1400 : OOB 0.2404 : L 49 : T 25.3 sec
 - d_sub 1400 : OOB 0.2403 : L 50 : T 25.8 sec
 - d_sub 1400 : OOB 0.2398 : L 51 : T 26.4 sec
 - d_sub 1400 : OOB 0.2397 : L 52 : T 26.8 sec
 - d_sub 1400 : OOB 0.2408 : L 53 : T 27.4 sec
 - d_sub 1400 : OOB 0.2399 : L 54 : T 27.9 sec
 - d_sub 1400 : OOB 0.2398 : L 55 : T 28.4 sec
 - d_sub 1400 : OOB 0.2408 : L 56 : T 28.9 sec
 - d_sub 1400 : OOB 0.2406 : L 57 : T 29.4 sec
 - d_sub 1400 : OOB 0.2402 : L 58 : T 29.9 sec
 - d_sub 1400 : OOB 0.2402 : L 59 : T 30.4 sec
 - d_sub 1400 : OOB 0.2410 : L 60 : T 30.9 sec
 - d_sub 1400 : OOB 0.2409 : L 61 : T 31.4 sec
 - d_sub 1400 : OOB 0.2410 : L 62 : T 31.9 sec
 - d_sub 1400 : OOB 0.2405 : L 63 : T 32.4 sec
 - d_sub 1400 : OOB 0.2410 : L 64 : T 32.9 sec
 - d_sub 1400 : OOB 0.2408 : L 65 : T 33.4 sec
 - d_sub 1400 : OOB 0.2408 : L 66 : T 33.9 sec
 - d_sub 1400 : OOB 0.2406 : L 67 : T 34.4 sec
 - d_sub 1400 : OOB 0.2400 : L 68 : T 34.9 sec
 - d_sub 1400 : OOB 0.2393 : L 69 : T 35.4 sec
 - d_sub 1400 : OOB 0.2389 : L 70 : T 35.8 sec
 - d_sub 1400 : OOB 0.2392 : L 71 : T 36.3 sec
 - d_sub 1400 : OOB 0.2387 : L 72 : T 36.8 sec
 - d_sub 1400 : OOB 0.2388 : L 73 : T 37.3 sec
 - d_sub 1400 : OOB 0.2389 : L 74 : T 37.8 sec
 - d_sub 1400 : OOB 0.2391 : L 75 : T 38.3 sec
 - d_sub 1400 : OOB 0.2386 : L 76 : T 38.8 sec
 - d_sub 1400 : OOB 0.2389 : L 77 : T 39.3 sec
 - d_sub 1400 : OOB 0.2388 : L 78 : T 39.8 sec
 - d_sub 1400 : OOB 0.2391 : L 79 : T 40.3 sec
 - d_sub 1400 : OOB 0.2389 : L 80 : T 40.8 sec

 - d_sub 1600 : OOB 0.4122 : L 1 : T 0.6 sec
 - d_sub 1600 : OOB 0.3648 : L 2 : T 1.2 sec
 - d_sub 1600 : OOB 0.3304 : L 3 : T 1.8 sec
 - d_sub 1600 : OOB 0.3064 : L 4 : T 2.4 sec
 - d_sub 1600 : OOB 0.2913 : L 5 : T 3.0 sec
 - d_sub 1600 : OOB 0.2812 : L 6 : T 3.6 sec
 - d_sub 1600 : OOB 0.2722 : L 7 : T 4.2 sec
 - d_sub 1600 : OOB 0.2677 : L 8 : T 4.8 sec
 - d_sub 1600 : OOB 0.2625 : L 9 : T 5.4 sec
 - d_sub 1600 : OOB 0.2585 : L 10 : T 6.0 sec
 - d_sub 1600 : OOB 0.2575 : L 11 : T 6.6 sec
 - d_sub 1600 : OOB 0.2547 : L 12 : T 7.2 sec
 - d_sub 1600 : OOB 0.2528 : L 13 : T 7.8 sec
 - d_sub 1600 : OOB 0.2514 : L 14 : T 8.3 sec
 - d_sub 1600 : OOB 0.2509 : L 15 : T 9.0 sec
 - d_sub 1600 : OOB 0.2487 : L 16 : T 9.6 sec
 - d_sub 1600 : OOB 0.2485 : L 17 : T 10.2 sec
 - d_sub 1600 : OOB 0.2474 : L 18 : T 10.7 sec
 - d_sub 1600 : OOB 0.2493 : L 19 : T 11.3 sec
 - d_sub 1600 : OOB 0.2465 : L 20 : T 11.9 sec
 - d_sub 1600 : OOB 0.2456 : L 21 : T 12.4 sec
 - d_sub 1600 : OOB 0.2451 : L 22 : T 13.0 sec
 - d_sub 1600 : OOB 0.2445 : L 23 : T 13.5 sec
 - d_sub 1600 : OOB 0.2443 : L 24 : T 14.1 sec
 - d_sub 1600 : OOB 0.2434 : L 25 : T 14.7 sec
 - d_sub 1600 : OOB 0.2428 : L 26 : T 15.3 sec
 - d_sub 1600 : OOB 0.2444 : L 27 : T 16.0 sec
 - d_sub 1600 : OOB 0.2438 : L 28 : T 16.5 sec
 - d_sub 1600 : OOB 0.2441 : L 29 : T 17.1 sec
 - d_sub 1600 : OOB 0.2434 : L 30 : T 17.7 sec
 - d_sub 1600 : OOB 0.2427 : L 31 : T 18.3 sec
 - d_sub 1600 : OOB 0.2433 : L 32 : T 18.9 sec
 - d_sub 1600 : OOB 0.2427 : L 33 : T 19.5 sec
 - d_sub 1600 : OOB 0.2426 : L 34 : T 20.0 sec
 - d_sub 1600 : OOB 0.2428 : L 35 : T 20.6 sec
 - d_sub 1600 : OOB 0.2415 : L 36 : T 21.2 sec
 - d_sub 1600 : OOB 0.2416 : L 37 : T 21.8 sec
 - d_sub 1600 : OOB 0.2407 : L 38 : T 22.4 sec
 - d_sub 1600 : OOB 0.2411 : L 39 : T 23.0 sec
 - d_sub 1600 : OOB 0.2409 : L 40 : T 23.6 sec
 - d_sub 1600 : OOB 0.2412 : L 41 : T 24.2 sec
 - d_sub 1600 : OOB 0.2419 : L 42 : T 24.8 sec
 - d_sub 1600 : OOB 0.2408 : L 43 : T 25.4 sec
 - d_sub 1600 : OOB 0.2402 : L 44 : T 26.0 sec
 - d_sub 1600 : OOB 0.2409 : L 45 : T 26.6 sec
 - d_sub 1600 : OOB 0.2403 : L 46 : T 27.2 sec
 - d_sub 1600 : OOB 0.2402 : L 47 : T 27.9 sec
 - d_sub 1600 : OOB 0.2396 : L 48 : T 28.4 sec
 - d_sub 1600 : OOB 0.2392 : L 49 : T 29.0 sec
 - d_sub 1600 : OOB 0.2393 : L 50 : T 29.7 sec
 - d_sub 1600 : OOB 0.2394 : L 51 : T 30.3 sec
 - d_sub 1600 : OOB 0.2394 : L 52 : T 30.8 sec
 - d_sub 1600 : OOB 0.2383 : L 53 : T 31.4 sec
 - d_sub 1600 : OOB 0.2386 : L 54 : T 32.0 sec
 - d_sub 1600 : OOB 0.2393 : L 55 : T 32.6 sec
 - d_sub 1600 : OOB 0.2386 : L 56 : T 33.2 sec
 - d_sub 1600 : OOB 0.2384 : L 57 : T 33.9 sec
 - d_sub 1600 : OOB 0.2388 : L 58 : T 34.4 sec
 - d_sub 1600 : OOB 0.2377 : L 59 : T 35.0 sec
 - d_sub 1600 : OOB 0.2379 : L 60 : T 35.6 sec
 - d_sub 1600 : OOB 0.2382 : L 61 : T 36.2 sec
 - d_sub 1600 : OOB 0.2370 : L 62 : T 36.8 sec
 - d_sub 1600 : OOB 0.2374 : L 63 : T 37.4 sec
 - d_sub 1600 : OOB 0.2375 : L 64 : T 38.0 sec
 - d_sub 1600 : OOB 0.2377 : L 65 : T 38.6 sec
 - d_sub 1600 : OOB 0.2373 : L 66 : T 39.2 sec
 - d_sub 1600 : OOB 0.2372 : L 67 : T 39.8 sec
 - d_sub 1600 : OOB 0.2376 : L 68 : T 40.4 sec
 - d_sub 1600 : OOB 0.2373 : L 69 : T 41.0 sec
 - d_sub 1600 : OOB 0.2374 : L 70 : T 41.6 sec
 - d_sub 1600 : OOB 0.2375 : L 71 : T 42.1 sec
 - d_sub 1600 : OOB 0.2377 : L 72 : T 42.7 sec
 - d_sub 1600 : OOB 0.2368 : L 73 : T 43.4 sec
 - d_sub 1600 : OOB 0.2375 : L 74 : T 44.0 sec
 - d_sub 1600 : OOB 0.2372 : L 75 : T 44.5 sec
 - d_sub 1600 : OOB 0.2372 : L 76 : T 45.1 sec
 - d_sub 1600 : OOB 0.2376 : L 77 : T 45.7 sec
 - d_sub 1600 : OOB 0.2379 : L 78 : T 46.3 sec
 - d_sub 1600 : OOB 0.2368 : L 79 : T 46.8 sec
 - d_sub 1600 : OOB 0.2370 : L 80 : T 47.4 sec
 - d_sub 1600 : OOB 0.2372 : L 81 : T 48.0 sec
 - d_sub 1600 : OOB 0.2366 : L 82 : T 48.6 sec
 - d_sub 1600 : OOB 0.2370 : L 83 : T 49.2 sec

 - d_sub 1800 : OOB 0.4151 : L 1 : T 0.7 sec
 - d_sub 1800 : OOB 0.3672 : L 2 : T 1.4 sec
 - d_sub 1800 : OOB 0.3326 : L 3 : T 2.1 sec
 - d_sub 1800 : OOB 0.3097 : L 4 : T 2.7 sec
 - d_sub 1800 : OOB 0.2953 : L 5 : T 3.4 sec
 - d_sub 1800 : OOB 0.2837 : L 6 : T 4.1 sec
 - d_sub 1800 : OOB 0.2773 : L 7 : T 4.8 sec
 - d_sub 1800 : OOB 0.2707 : L 8 : T 5.4 sec
 - d_sub 1800 : OOB 0.2638 : L 9 : T 6.1 sec
 - d_sub 1800 : OOB 0.2602 : L 10 : T 6.8 sec
 - d_sub 1800 : OOB 0.2576 : L 11 : T 7.6 sec
 - d_sub 1800 : OOB 0.2552 : L 12 : T 8.2 sec
 - d_sub 1800 : OOB 0.2545 : L 13 : T 8.9 sec
 - d_sub 1800 : OOB 0.2520 : L 14 : T 9.5 sec
 - d_sub 1800 : OOB 0.2513 : L 15 : T 10.3 sec
 - d_sub 1800 : OOB 0.2500 : L 16 : T 11.0 sec
 - d_sub 1800 : OOB 0.2481 : L 17 : T 11.6 sec
 - d_sub 1800 : OOB 0.2475 : L 18 : T 12.3 sec
 - d_sub 1800 : OOB 0.2449 : L 19 : T 12.9 sec
 - d_sub 1800 : OOB 0.2449 : L 20 : T 13.5 sec
 - d_sub 1800 : OOB 0.2451 : L 21 : T 14.2 sec
 - d_sub 1800 : OOB 0.2445 : L 22 : T 14.8 sec
 - d_sub 1800 : OOB 0.2444 : L 23 : T 15.5 sec
 - d_sub 1800 : OOB 0.2441 : L 24 : T 16.1 sec
 - d_sub 1800 : OOB 0.2430 : L 25 : T 16.8 sec
 - d_sub 1800 : OOB 0.2437 : L 26 : T 17.4 sec
 - d_sub 1800 : OOB 0.2425 : L 27 : T 18.1 sec
 - d_sub 1800 : OOB 0.2431 : L 28 : T 18.7 sec
 - d_sub 1800 : OOB 0.2421 : L 29 : T 19.4 sec
 - d_sub 1800 : OOB 0.2412 : L 30 : T 20.1 sec
 - d_sub 1800 : OOB 0.2423 : L 31 : T 20.7 sec
 - d_sub 1800 : OOB 0.2415 : L 32 : T 21.4 sec
 - d_sub 1800 : OOB 0.2421 : L 33 : T 22.1 sec
 - d_sub 1800 : OOB 0.2407 : L 34 : T 22.8 sec
 - d_sub 1800 : OOB 0.2403 : L 35 : T 23.4 sec
 - d_sub 1800 : OOB 0.2398 : L 36 : T 24.1 sec
 - d_sub 1800 : OOB 0.2401 : L 37 : T 24.8 sec
 - d_sub 1800 : OOB 0.2392 : L 38 : T 25.4 sec
 - d_sub 1800 : OOB 0.2386 : L 39 : T 26.1 sec
 - d_sub 1800 : OOB 0.2382 : L 40 : T 26.8 sec
 - d_sub 1800 : OOB 0.2372 : L 41 : T 27.5 sec
 - d_sub 1800 : OOB 0.2387 : L 42 : T 28.2 sec
 - d_sub 1800 : OOB 0.2382 : L 43 : T 28.8 sec
 - d_sub 1800 : OOB 0.2371 : L 44 : T 29.5 sec
 - d_sub 1800 : OOB 0.2372 : L 45 : T 30.2 sec
 - d_sub 1800 : OOB 0.2366 : L 46 : T 30.9 sec
 - d_sub 1800 : OOB 0.2360 : L 47 : T 31.6 sec
 - d_sub 1800 : OOB 0.2363 : L 48 : T 32.3 sec
 - d_sub 1800 : OOB 0.2368 : L 49 : T 33.0 sec
 - d_sub 1800 : OOB 0.2362 : L 50 : T 33.7 sec
 - d_sub 1800 : OOB 0.2354 : L 51 : T 34.3 sec
 - d_sub 1800 : OOB 0.2363 : L 52 : T 35.0 sec
 - d_sub 1800 : OOB 0.2354 : L 53 : T 35.7 sec
 - d_sub 1800 : OOB 0.2358 : L 54 : T 36.5 sec
 - d_sub 1800 : OOB 0.2357 : L 55 : T 37.2 sec
 - d_sub 1800 : OOB 0.2356 : L 56 : T 37.9 sec
 - d_sub 1800 : OOB 0.2358 : L 57 : T 38.6 sec
 - d_sub 1800 : OOB 0.2355 : L 58 : T 39.3 sec
 - d_sub 1800 : OOB 0.2357 : L 59 : T 40.0 sec
 - d_sub 1800 : OOB 0.2355 : L 60 : T 40.7 sec
 - d_sub 1800 : OOB 0.2355 : L 61 : T 41.4 sec
 - d_sub 1800 : OOB 0.2354 : L 62 : T 42.1 sec
 - d_sub 1800 : OOB 0.2352 : L 63 : T 42.7 sec
 - d_sub 1800 : OOB 0.2345 : L 64 : T 43.4 sec
 - d_sub 1800 : OOB 0.2345 : L 65 : T 44.1 sec
 - d_sub 1800 : OOB 0.2344 : L 66 : T 44.7 sec
 - d_sub 1800 : OOB 0.2344 : L 67 : T 45.5 sec
 - d_sub 1800 : OOB 0.2341 : L 68 : T 46.2 sec
 - d_sub 1800 : OOB 0.2346 : L 69 : T 46.8 sec
 - d_sub 1800 : OOB 0.2349 : L 70 : T 47.5 sec
 - d_sub 1800 : OOB 0.2341 : L 71 : T 48.2 sec
 - d_sub 1800 : OOB 0.2346 : L 72 : T 48.9 sec
 - d_sub 1800 : OOB 0.2345 : L 73 : T 49.6 sec
 - d_sub 1800 : OOB 0.2342 : L 74 : T 50.2 sec
 - d_sub 1800 : OOB 0.2343 : L 75 : T 50.9 sec
 - d_sub 1800 : OOB 0.2342 : L 76 : T 51.6 sec
 - d_sub 1800 : OOB 0.2347 : L 77 : T 52.3 sec
 - d_sub 1800 : OOB 0.2344 : L 78 : T 53.0 sec
 - d_sub 1800 : OOB 0.2346 : L 79 : T 53.6 sec
 - d_sub 1800 : OOB 0.2339 : L 80 : T 54.3 sec
 - d_sub 1800 : OOB 0.2347 : L 81 : T 55.0 sec
 - d_sub 1800 : OOB 0.2350 : L 82 : T 55.7 sec
 - d_sub 1800 : OOB 0.2350 : L 83 : T 56.4 sec
 - d_sub 1800 : OOB 0.2350 : L 84 : T 57.1 sec
 - d_sub 1800 : OOB 0.2355 : L 85 : T 57.9 sec

 - d_sub 2000 : OOB 0.4159 : L 1 : T 1.0 sec
 - d_sub 2000 : OOB 0.3676 : L 2 : T 1.9 sec
 - d_sub 2000 : OOB 0.3313 : L 3 : T 2.7 sec
 - d_sub 2000 : OOB 0.3090 : L 4 : T 3.5 sec
 - d_sub 2000 : OOB 0.2925 : L 5 : T 4.3 sec
 - d_sub 2000 : OOB 0.2800 : L 6 : T 5.2 sec
 - d_sub 2000 : OOB 0.2717 : L 7 : T 6.0 sec
 - d_sub 2000 : OOB 0.2651 : L 8 : T 6.7 sec
 - d_sub 2000 : OOB 0.2595 : L 9 : T 7.5 sec
 - d_sub 2000 : OOB 0.2552 : L 10 : T 8.3 sec
 - d_sub 2000 : OOB 0.2536 : L 11 : T 9.2 sec
 - d_sub 2000 : OOB 0.2503 : L 12 : T 10.0 sec
 - d_sub 2000 : OOB 0.2505 : L 13 : T 10.8 sec
 - d_sub 2000 : OOB 0.2479 : L 14 : T 11.6 sec
 - d_sub 2000 : OOB 0.2489 : L 15 : T 12.4 sec
 - d_sub 2000 : OOB 0.2480 : L 16 : T 13.2 sec
 - d_sub 2000 : OOB 0.2467 : L 17 : T 14.1 sec
 - d_sub 2000 : OOB 0.2450 : L 18 : T 14.9 sec
 - d_sub 2000 : OOB 0.2443 : L 19 : T 15.7 sec
 - d_sub 2000 : OOB 0.2434 : L 20 : T 16.6 sec
 - d_sub 2000 : OOB 0.2452 : L 21 : T 17.5 sec
 - d_sub 2000 : OOB 0.2445 : L 22 : T 18.3 sec
 - d_sub 2000 : OOB 0.2445 : L 23 : T 19.0 sec
 - d_sub 2000 : OOB 0.2433 : L 24 : T 19.9 sec
 - d_sub 2000 : OOB 0.2425 : L 25 : T 20.8 sec
 - d_sub 2000 : OOB 0.2416 : L 26 : T 21.6 sec
 - d_sub 2000 : OOB 0.2409 : L 27 : T 22.3 sec
 - d_sub 2000 : OOB 0.2407 : L 28 : T 23.1 sec
 - d_sub 2000 : OOB 0.2408 : L 29 : T 23.9 sec
 - d_sub 2000 : OOB 0.2408 : L 30 : T 24.7 sec
 - d_sub 2000 : OOB 0.2393 : L 31 : T 25.5 sec
 - d_sub 2000 : OOB 0.2399 : L 32 : T 26.3 sec
 - d_sub 2000 : OOB 0.2395 : L 33 : T 27.2 sec
 - d_sub 2000 : OOB 0.2398 : L 34 : T 28.0 sec
 - d_sub 2000 : OOB 0.2393 : L 35 : T 28.8 sec
 - d_sub 2000 : OOB 0.2403 : L 36 : T 29.6 sec
 - d_sub 2000 : OOB 0.2400 : L 37 : T 30.4 sec
 - d_sub 2000 : OOB 0.2403 : L 38 : T 31.1 sec
 - d_sub 2000 : OOB 0.2399 : L 39 : T 31.9 sec
 - d_sub 2000 : OOB 0.2390 : L 40 : T 32.6 sec
 - d_sub 2000 : OOB 0.2400 : L 41 : T 33.4 sec
 - d_sub 2000 : OOB 0.2401 : L 42 : T 34.2 sec
 - d_sub 2000 : OOB 0.2394 : L 43 : T 34.9 sec
 - d_sub 2000 : OOB 0.2384 : L 44 : T 35.7 sec
 - d_sub 2000 : OOB 0.2387 : L 45 : T 36.5 sec
 - d_sub 2000 : OOB 0.2388 : L 46 : T 37.3 sec
 - d_sub 2000 : OOB 0.2388 : L 47 : T 38.1 sec
 - d_sub 2000 : OOB 0.2383 : L 48 : T 38.9 sec
 - d_sub 2000 : OOB 0.2384 : L 49 : T 39.7 sec
 - d_sub 2000 : OOB 0.2373 : L 50 : T 40.4 sec
 - d_sub 2000 : OOB 0.2385 : L 51 : T 41.2 sec
 - d_sub 2000 : OOB 0.2377 : L 52 : T 42.0 sec
 - d_sub 2000 : OOB 0.2385 : L 53 : T 42.7 sec
 - d_sub 2000 : OOB 0.2374 : L 54 : T 43.4 sec
 - d_sub 2000 : OOB 0.2371 : L 55 : T 44.2 sec
 - d_sub 2000 : OOB 0.2375 : L 56 : T 44.9 sec
 - d_sub 2000 : OOB 0.2370 : L 57 : T 45.7 sec
 - d_sub 2000 : OOB 0.2366 : L 58 : T 46.5 sec
 - d_sub 2000 : OOB 0.2365 : L 59 : T 47.3 sec
 - d_sub 2000 : OOB 0.2361 : L 60 : T 48.1 sec
 - d_sub 2000 : OOB 0.2355 : L 61 : T 49.0 sec
 - d_sub 2000 : OOB 0.2361 : L 62 : T 49.7 sec
 - d_sub 2000 : OOB 0.2355 : L 63 : T 50.5 sec
 - d_sub 2000 : OOB 0.2355 : L 64 : T 51.2 sec
 - d_sub 2000 : OOB 0.2360 : L 65 : T 52.0 sec
 - d_sub 2000 : OOB 0.2365 : L 66 : T 52.8 sec
 - d_sub 2000 : OOB 0.2363 : L 67 : T 53.5 sec
 - d_sub 2000 : OOB 0.2360 : L 68 : T 54.3 sec
 - d_sub 2000 : OOB 0.2361 : L 69 : T 55.1 sec
 - d_sub 2000 : OOB 0.2361 : L 70 : T 55.8 sec
 - d_sub 2000 : OOB 0.2367 : L 71 : T 56.6 sec
 - d_sub 2000 : OOB 0.2366 : L 72 : T 57.4 sec
 - d_sub 2000 : OOB 0.2364 : L 73 : T 58.1 sec
 - d_sub 2000 : OOB 0.2365 : L 74 : T 58.9 sec
 - d_sub 2000 : OOB 0.2370 : L 75 : T 59.7 sec
 - d_sub 2000 : OOB 0.2364 : L 76 : T 60.5 sec

 - d_sub 2200 : OOB 0.4152 : L 1 : T 0.9 sec
 - d_sub 2200 : OOB 0.3665 : L 2 : T 1.9 sec
 - d_sub 2200 : OOB 0.3332 : L 3 : T 2.9 sec
 - d_sub 2200 : OOB 0.3116 : L 4 : T 3.8 sec
 - d_sub 2200 : OOB 0.2964 : L 5 : T 4.7 sec
 - d_sub 2200 : OOB 0.2847 : L 6 : T 5.6 sec
 - d_sub 2200 : OOB 0.2758 : L 7 : T 6.5 sec
 - d_sub 2200 : OOB 0.2696 : L 8 : T 7.4 sec
 - d_sub 2200 : OOB 0.2643 : L 9 : T 8.4 sec
 - d_sub 2200 : OOB 0.2619 : L 10 : T 9.3 sec
 - d_sub 2200 : OOB 0.2592 : L 11 : T 10.3 sec
 - d_sub 2200 : OOB 0.2563 : L 12 : T 11.2 sec
 - d_sub 2200 : OOB 0.2540 : L 13 : T 12.1 sec
 - d_sub 2200 : OOB 0.2525 : L 14 : T 13.2 sec
 - d_sub 2200 : OOB 0.2510 : L 15 : T 14.3 sec
 - d_sub 2200 : OOB 0.2493 : L 16 : T 15.2 sec
 - d_sub 2200 : OOB 0.2490 : L 17 : T 16.2 sec
 - d_sub 2200 : OOB 0.2461 : L 18 : T 17.2 sec
 - d_sub 2200 : OOB 0.2442 : L 19 : T 18.1 sec
 - d_sub 2200 : OOB 0.2450 : L 20 : T 19.1 sec
 - d_sub 2200 : OOB 0.2430 : L 21 : T 20.0 sec
 - d_sub 2200 : OOB 0.2442 : L 22 : T 20.9 sec
 - d_sub 2200 : OOB 0.2425 : L 23 : T 21.9 sec
 - d_sub 2200 : OOB 0.2437 : L 24 : T 22.9 sec
 - d_sub 2200 : OOB 0.2417 : L 25 : T 23.8 sec
 - d_sub 2200 : OOB 0.2426 : L 26 : T 24.7 sec
 - d_sub 2200 : OOB 0.2414 : L 27 : T 25.6 sec
 - d_sub 2200 : OOB 0.2408 : L 28 : T 26.5 sec
 - d_sub 2200 : OOB 0.2395 : L 29 : T 27.5 sec
 - d_sub 2200 : OOB 0.2398 : L 30 : T 28.4 sec
 - d_sub 2200 : OOB 0.2383 : L 31 : T 29.3 sec
 - d_sub 2200 : OOB 0.2383 : L 32 : T 30.3 sec
 - d_sub 2200 : OOB 0.2375 : L 33 : T 31.2 sec
 - d_sub 2200 : OOB 0.2376 : L 34 : T 32.2 sec
 - d_sub 2200 : OOB 0.2380 : L 35 : T 33.2 sec
 - d_sub 2200 : OOB 0.2371 : L 36 : T 34.2 sec
 - d_sub 2200 : OOB 0.2373 : L 37 : T 35.1 sec
 - d_sub 2200 : OOB 0.2370 : L 38 : T 36.0 sec
 - d_sub 2200 : OOB 0.2375 : L 39 : T 36.9 sec
 - d_sub 2200 : OOB 0.2357 : L 40 : T 37.9 sec
 - d_sub 2200 : OOB 0.2364 : L 41 : T 38.8 sec
 - d_sub 2200 : OOB 0.2366 : L 42 : T 39.8 sec
 - d_sub 2200 : OOB 0.2366 : L 43 : T 40.7 sec
 - d_sub 2200 : OOB 0.2364 : L 44 : T 41.7 sec
 - d_sub 2200 : OOB 0.2357 : L 45 : T 42.6 sec
 - d_sub 2200 : OOB 0.2363 : L 46 : T 43.5 sec
 - d_sub 2200 : OOB 0.2364 : L 47 : T 44.4 sec
 - d_sub 2200 : OOB 0.2355 : L 48 : T 45.4 sec
 - d_sub 2200 : OOB 0.2365 : L 49 : T 46.4 sec
 - d_sub 2200 : OOB 0.2350 : L 50 : T 47.5 sec
 - d_sub 2200 : OOB 0.2353 : L 51 : T 48.6 sec
 - d_sub 2200 : OOB 0.2356 : L 52 : T 49.5 sec
 - d_sub 2200 : OOB 0.2358 : L 53 : T 50.4 sec
 - d_sub 2200 : OOB 0.2355 : L 54 : T 51.3 sec
 - d_sub 2200 : OOB 0.2347 : L 55 : T 52.2 sec
 - d_sub 2200 : OOB 0.2351 : L 56 : T 53.2 sec
 - d_sub 2200 : OOB 0.2346 : L 57 : T 54.3 sec
 - d_sub 2200 : OOB 0.2353 : L 58 : T 55.1 sec
 - d_sub 2200 : OOB 0.2351 : L 59 : T 56.0 sec
 - d_sub 2200 : OOB 0.2348 : L 60 : T 56.9 sec
 - d_sub 2200 : OOB 0.2351 : L 61 : T 57.9 sec
 - d_sub 2200 : OOB 0.2350 : L 62 : T 58.8 sec
 - d_sub 2200 : OOB 0.2352 : L 63 : T 59.7 sec
 - d_sub 2200 : OOB 0.2350 : L 64 : T 60.7 sec
 - d_sub 2200 : OOB 0.2348 : L 65 : T 61.7 sec
 - d_sub 2200 : OOB 0.2349 : L 66 : T 62.5 sec
 - d_sub 2200 : OOB 0.2345 : L 67 : T 63.4 sec
 - d_sub 2200 : OOB 0.2345 : L 68 : T 64.3 sec
 - d_sub 2200 : OOB 0.2344 : L 69 : T 66.3 sec
 - d_sub 2200 : OOB 0.2345 : L 70 : T 67.2 sec
 - d_sub 2200 : OOB 0.2360 : L 71 : T 68.2 sec
 - d_sub 2200 : OOB 0.2352 : L 72 : T 69.1 sec
 - d_sub 2200 : OOB 0.2358 : L 73 : T 70.1 sec
 - d_sub 2200 : OOB 0.2357 : L 74 : T 71.0 sec
 - d_sub 2200 : OOB 0.2345 : L 75 : T 72.0 sec
 - d_sub 2200 : OOB 0.2343 : L 76 : T 73.0 sec
 - d_sub 2200 : OOB 0.2337 : L 77 : T 73.9 sec

 - d_sub 2400 : OOB 0.4117 : L 1 : T 1.2 sec
 - d_sub 2400 : OOB 0.3669 : L 2 : T 2.3 sec
 - d_sub 2400 : OOB 0.3310 : L 3 : T 3.5 sec
 - d_sub 2400 : OOB 0.3083 : L 4 : T 4.6 sec
 - d_sub 2400 : OOB 0.2918 : L 5 : T 5.6 sec
 - d_sub 2400 : OOB 0.2791 : L 6 : T 6.7 sec
 - d_sub 2400 : OOB 0.2715 : L 7 : T 7.8 sec
 - d_sub 2400 : OOB 0.2660 : L 8 : T 9.0 sec
 - d_sub 2400 : OOB 0.2596 : L 9 : T 10.1 sec
 - d_sub 2400 : OOB 0.2557 : L 10 : T 11.3 sec
 - d_sub 2400 : OOB 0.2547 : L 11 : T 12.5 sec
 - d_sub 2400 : OOB 0.2512 : L 12 : T 13.7 sec
 - d_sub 2400 : OOB 0.2501 : L 13 : T 14.8 sec
 - d_sub 2400 : OOB 0.2475 : L 14 : T 16.0 sec
 - d_sub 2400 : OOB 0.2482 : L 15 : T 17.3 sec
 - d_sub 2400 : OOB 0.2461 : L 16 : T 18.5 sec
 - d_sub 2400 : OOB 0.2469 : L 17 : T 19.6 sec
 - d_sub 2400 : OOB 0.2470 : L 18 : T 20.7 sec
 - d_sub 2400 : OOB 0.2458 : L 19 : T 21.9 sec
 - d_sub 2400 : OOB 0.2451 : L 20 : T 23.1 sec
 - d_sub 2400 : OOB 0.2451 : L 21 : T 24.1 sec
 - d_sub 2400 : OOB 0.2431 : L 22 : T 25.3 sec
 - d_sub 2400 : OOB 0.2427 : L 23 : T 26.4 sec
 - d_sub 2400 : OOB 0.2416 : L 24 : T 27.4 sec
 - d_sub 2400 : OOB 0.2414 : L 25 : T 28.5 sec
 - d_sub 2400 : OOB 0.2404 : L 26 : T 29.6 sec
 - d_sub 2400 : OOB 0.2408 : L 27 : T 30.8 sec
 - d_sub 2400 : OOB 0.2400 : L 28 : T 32.0 sec
 - d_sub 2400 : OOB 0.2397 : L 29 : T 33.1 sec
 - d_sub 2400 : OOB 0.2400 : L 30 : T 34.2 sec
 - d_sub 2400 : OOB 0.2394 : L 31 : T 35.3 sec
 - d_sub 2400 : OOB 0.2402 : L 32 : T 36.4 sec
 - d_sub 2400 : OOB 0.2395 : L 33 : T 37.5 sec
 - d_sub 2400 : OOB 0.2395 : L 34 : T 38.6 sec
 - d_sub 2400 : OOB 0.2388 : L 35 : T 39.8 sec
 - d_sub 2400 : OOB 0.2390 : L 36 : T 40.8 sec
 - d_sub 2400 : OOB 0.2391 : L 37 : T 41.9 sec
 - d_sub 2400 : OOB 0.2395 : L 38 : T 42.9 sec
 - d_sub 2400 : OOB 0.2395 : L 39 : T 44.0 sec
 - d_sub 2400 : OOB 0.2389 : L 40 : T 45.1 sec
 - d_sub 2400 : OOB 0.2383 : L 41 : T 46.2 sec
 - d_sub 2400 : OOB 0.2385 : L 42 : T 47.4 sec
 - d_sub 2400 : OOB 0.2384 : L 43 : T 48.5 sec
 - d_sub 2400 : OOB 0.2379 : L 44 : T 49.6 sec
 - d_sub 2400 : OOB 0.2380 : L 45 : T 50.7 sec
 - d_sub 2400 : OOB 0.2381 : L 46 : T 51.7 sec
 - d_sub 2400 : OOB 0.2376 : L 47 : T 52.9 sec
 - d_sub 2400 : OOB 0.2374 : L 48 : T 54.1 sec
 - d_sub 2400 : OOB 0.2378 : L 49 : T 55.2 sec
 - d_sub 2400 : OOB 0.2359 : L 50 : T 56.3 sec
 - d_sub 2400 : OOB 0.2361 : L 51 : T 57.4 sec
 - d_sub 2400 : OOB 0.2352 : L 52 : T 58.5 sec
 - d_sub 2400 : OOB 0.2362 : L 53 : T 59.6 sec
 - d_sub 2400 : OOB 0.2361 : L 54 : T 60.7 sec
 - d_sub 2400 : OOB 0.2355 : L 55 : T 62.0 sec
 - d_sub 2400 : OOB 0.2354 : L 56 : T 63.2 sec
 - d_sub 2400 : OOB 0.2360 : L 57 : T 64.3 sec
 - d_sub 2400 : OOB 0.2358 : L 58 : T 65.4 sec
 - d_sub 2400 : OOB 0.2356 : L 59 : T 66.5 sec
 - d_sub 2400 : OOB 0.2356 : L 60 : T 67.6 sec
 - d_sub 2400 : OOB 0.2351 : L 61 : T 68.7 sec
 - d_sub 2400 : OOB 0.2356 : L 62 : T 69.9 sec
 - d_sub 2400 : OOB 0.2352 : L 63 : T 71.1 sec
 - d_sub 2400 : OOB 0.2349 : L 64 : T 72.3 sec
 - d_sub 2400 : OOB 0.2353 : L 65 : T 73.3 sec
 - d_sub 2400 : OOB 0.2354 : L 66 : T 74.5 sec
 - d_sub 2400 : OOB 0.2352 : L 67 : T 75.7 sec
 - d_sub 2400 : OOB 0.2348 : L 68 : T 76.8 sec
 - d_sub 2400 : OOB 0.2352 : L 69 : T 77.9 sec
 - d_sub 2400 : OOB 0.2349 : L 70 : T 79.2 sec
 - d_sub 2400 : OOB 0.2344 : L 71 : T 80.3 sec
 - d_sub 2400 : OOB 0.2340 : L 72 : T 81.4 sec
 - d_sub 2400 : OOB 0.2339 : L 73 : T 82.5 sec
 - d_sub 2400 : OOB 0.2345 : L 74 : T 83.6 sec
 - d_sub 2400 : OOB 0.2339 : L 75 : T 84.6 sec
 - d_sub 2400 : OOB 0.2337 : L 76 : T 85.8 sec
 - d_sub 2400 : OOB 0.2347 : L 77 : T 86.9 sec
 - d_sub 2400 : OOB 0.2341 : L 78 : T 88.0 sec
 - d_sub 2400 : OOB 0.2343 : L 79 : T 89.0 sec
 - d_sub 2400 : OOB 0.2344 : L 80 : T 90.1 sec
 - d_sub 2400 : OOB 0.2343 : L 81 : T 91.2 sec
 - d_sub 2400 : OOB 0.2343 : L 82 : T 92.3 sec
 - d_sub 2400 : OOB 0.2339 : L 83 : T 93.3 sec
 - d_sub 2400 : OOB 0.2337 : L 84 : T 94.4 sec
 - d_sub 2400 : OOB 0.2339 : L 85 : T 95.4 sec
 - d_sub 2400 : OOB 0.2345 : L 86 : T 96.5 sec
 - d_sub 2400 : OOB 0.2341 : L 87 : T 97.6 sec

 - d_sub 2600 : OOB 0.4132 : L 1 : T 1.4 sec
 - d_sub 2600 : OOB 0.3654 : L 2 : T 2.6 sec
 - d_sub 2600 : OOB 0.3304 : L 3 : T 3.8 sec
 - d_sub 2600 : OOB 0.3077 : L 4 : T 4.9 sec
 - d_sub 2600 : OOB 0.2938 : L 5 : T 6.1 sec
 - d_sub 2600 : OOB 0.2831 : L 6 : T 7.3 sec
 - d_sub 2600 : OOB 0.2743 : L 7 : T 8.6 sec
 - d_sub 2600 : OOB 0.2686 : L 8 : T 9.9 sec
 - d_sub 2600 : OOB 0.2616 : L 9 : T 11.1 sec
 - d_sub 2600 : OOB 0.2571 : L 10 : T 12.2 sec
 - d_sub 2600 : OOB 0.2556 : L 11 : T 13.4 sec
 - d_sub 2600 : OOB 0.2518 : L 12 : T 14.6 sec
 - d_sub 2600 : OOB 0.2504 : L 13 : T 15.8 sec
 - d_sub 2600 : OOB 0.2485 : L 14 : T 17.1 sec
 - d_sub 2600 : OOB 0.2483 : L 15 : T 18.4 sec
 - d_sub 2600 : OOB 0.2467 : L 16 : T 19.5 sec
 - d_sub 2600 : OOB 0.2471 : L 17 : T 20.7 sec
 - d_sub 2600 : OOB 0.2455 : L 18 : T 21.9 sec
 - d_sub 2600 : OOB 0.2439 : L 19 : T 23.1 sec
 - d_sub 2600 : OOB 0.2427 : L 20 : T 24.4 sec
 - d_sub 2600 : OOB 0.2431 : L 21 : T 25.6 sec
 - d_sub 2600 : OOB 0.2414 : L 22 : T 26.8 sec
 - d_sub 2600 : OOB 0.2413 : L 23 : T 28.0 sec
 - d_sub 2600 : OOB 0.2412 : L 24 : T 29.3 sec
 - d_sub 2600 : OOB 0.2406 : L 25 : T 30.5 sec
 - d_sub 2600 : OOB 0.2394 : L 26 : T 31.8 sec
 - d_sub 2600 : OOB 0.2389 : L 27 : T 33.0 sec
 - d_sub 2600 : OOB 0.2382 : L 28 : T 34.3 sec
 - d_sub 2600 : OOB 0.2379 : L 29 : T 35.5 sec
 - d_sub 2600 : OOB 0.2389 : L 30 : T 36.8 sec
 - d_sub 2600 : OOB 0.2388 : L 31 : T 38.0 sec
 - d_sub 2600 : OOB 0.2380 : L 32 : T 39.2 sec
 - d_sub 2600 : OOB 0.2379 : L 33 : T 40.5 sec
 - d_sub 2600 : OOB 0.2369 : L 34 : T 41.8 sec
 - d_sub 2600 : OOB 0.2377 : L 35 : T 43.0 sec
 - d_sub 2600 : OOB 0.2368 : L 36 : T 44.2 sec
 - d_sub 2600 : OOB 0.2366 : L 37 : T 45.6 sec
 - d_sub 2600 : OOB 0.2367 : L 38 : T 46.8 sec
 - d_sub 2600 : OOB 0.2352 : L 39 : T 48.0 sec
 - d_sub 2600 : OOB 0.2358 : L 40 : T 49.2 sec
 - d_sub 2600 : OOB 0.2355 : L 41 : T 50.5 sec
 - d_sub 2600 : OOB 0.2354 : L 42 : T 51.9 sec
 - d_sub 2600 : OOB 0.2350 : L 43 : T 53.1 sec
 - d_sub 2600 : OOB 0.2345 : L 44 : T 54.3 sec
 - d_sub 2600 : OOB 0.2349 : L 45 : T 55.4 sec
 - d_sub 2600 : OOB 0.2348 : L 46 : T 56.8 sec
 - d_sub 2600 : OOB 0.2355 : L 47 : T 58.0 sec
 - d_sub 2600 : OOB 0.2358 : L 48 : T 59.2 sec
 - d_sub 2600 : OOB 0.2342 : L 49 : T 60.4 sec
 - d_sub 2600 : OOB 0.2348 : L 50 : T 61.6 sec
 - d_sub 2600 : OOB 0.2345 : L 51 : T 62.8 sec
 - d_sub 2600 : OOB 0.2351 : L 52 : T 63.9 sec
 - d_sub 2600 : OOB 0.2346 : L 53 : T 65.0 sec
 - d_sub 2600 : OOB 0.2344 : L 54 : T 66.2 sec
 - d_sub 2600 : OOB 0.2347 : L 55 : T 67.5 sec
 - d_sub 2600 : OOB 0.2349 : L 56 : T 68.7 sec
 - d_sub 2600 : OOB 0.2353 : L 57 : T 69.9 sec
 - d_sub 2600 : OOB 0.2349 : L 58 : T 71.0 sec
 - d_sub 2600 : OOB 0.2347 : L 59 : T 72.2 sec
 - d_sub 2600 : OOB 0.2345 : L 60 : T 73.4 sec
 - d_sub 2600 : OOB 0.2346 : L 61 : T 74.6 sec
 - d_sub 2600 : OOB 0.2340 : L 62 : T 75.8 sec
 - d_sub 2600 : OOB 0.2350 : L 63 : T 77.0 sec
 - d_sub 2600 : OOB 0.2352 : L 64 : T 78.4 sec
 - d_sub 2600 : OOB 0.2352 : L 65 : T 79.5 sec
 - d_sub 2600 : OOB 0.2351 : L 66 : T 80.8 sec
 - d_sub 2600 : OOB 0.2347 : L 67 : T 82.2 sec
 - d_sub 2600 : OOB 0.2346 : L 68 : T 83.4 sec
 - d_sub 2600 : OOB 0.2338 : L 69 : T 84.6 sec
 - d_sub 2600 : OOB 0.2336 : L 70 : T 86.0 sec
 - d_sub 2600 : OOB 0.2330 : L 71 : T 87.2 sec
 - d_sub 2600 : OOB 0.2327 : L 72 : T 88.5 sec
 - d_sub 2600 : OOB 0.2330 : L 73 : T 89.8 sec
 - d_sub 2600 : OOB 0.2330 : L 74 : T 91.1 sec
 - d_sub 2600 : OOB 0.2326 : L 75 : T 92.4 sec
 - d_sub 2600 : OOB 0.2323 : L 76 : T 93.7 sec
 - d_sub 2600 : OOB 0.2320 : L 77 : T 94.9 sec
 - d_sub 2600 : OOB 0.2324 : L 78 : T 96.1 sec
 - d_sub 2600 : OOB 0.2322 : L 79 : T 97.4 sec
 - d_sub 2600 : OOB 0.2326 : L 80 : T 98.7 sec
 - d_sub 2600 : OOB 0.2320 : L 81 : T 99.9 sec
 - d_sub 2600 : OOB 0.2316 : L 82 : T 101.1 sec
 - d_sub 2600 : OOB 0.2321 : L 83 : T 102.4 sec

 - d_sub 2800 : OOB 0.4161 : L 1 : T 1.6 sec
 - d_sub 2800 : OOB 0.3679 : L 2 : T 3.0 sec
 - d_sub 2800 : OOB 0.3326 : L 3 : T 4.4 sec
 - d_sub 2800 : OOB 0.3102 : L 4 : T 5.8 sec
 - d_sub 2800 : OOB 0.2952 : L 5 : T 7.2 sec
 - d_sub 2800 : OOB 0.2845 : L 6 : T 8.7 sec
 - d_sub 2800 : OOB 0.2748 : L 7 : T 10.0 sec
 - d_sub 2800 : OOB 0.2676 : L 8 : T 11.5 sec
 - d_sub 2800 : OOB 0.2642 : L 9 : T 12.9 sec
 - d_sub 2800 : OOB 0.2602 : L 10 : T 14.3 sec
 - d_sub 2800 : OOB 0.2577 : L 11 : T 15.8 sec
 - d_sub 2800 : OOB 0.2557 : L 12 : T 17.2 sec
 - d_sub 2800 : OOB 0.2529 : L 13 : T 18.6 sec
 - d_sub 2800 : OOB 0.2500 : L 14 : T 19.9 sec
 - d_sub 2800 : OOB 0.2491 : L 15 : T 21.3 sec
 - d_sub 2800 : OOB 0.2473 : L 16 : T 22.6 sec
 - d_sub 2800 : OOB 0.2476 : L 17 : T 23.9 sec
 - d_sub 2800 : OOB 0.2446 : L 18 : T 25.3 sec
 - d_sub 2800 : OOB 0.2443 : L 19 : T 26.6 sec
 - d_sub 2800 : OOB 0.2431 : L 20 : T 27.9 sec
 - d_sub 2800 : OOB 0.2433 : L 21 : T 29.3 sec
 - d_sub 2800 : OOB 0.2421 : L 22 : T 30.6 sec
 - d_sub 2800 : OOB 0.2411 : L 23 : T 31.9 sec
 - d_sub 2800 : OOB 0.2404 : L 24 : T 33.3 sec
 - d_sub 2800 : OOB 0.2412 : L 25 : T 34.9 sec
 - d_sub 2800 : OOB 0.2403 : L 26 : T 36.3 sec
 - d_sub 2800 : OOB 0.2392 : L 27 : T 37.9 sec
 - d_sub 2800 : OOB 0.2401 : L 28 : T 39.4 sec
 - d_sub 2800 : OOB 0.2389 : L 29 : T 40.8 sec
 - d_sub 2800 : OOB 0.2371 : L 30 : T 42.2 sec
 - d_sub 2800 : OOB 0.2381 : L 31 : T 43.7 sec
 - d_sub 2800 : OOB 0.2381 : L 32 : T 45.1 sec
 - d_sub 2800 : OOB 0.2376 : L 33 : T 46.6 sec
 - d_sub 2800 : OOB 0.2374 : L 34 : T 48.0 sec
 - d_sub 2800 : OOB 0.2376 : L 35 : T 49.4 sec
 - d_sub 2800 : OOB 0.2365 : L 36 : T 50.8 sec
 - d_sub 2800 : OOB 0.2371 : L 37 : T 52.3 sec
 - d_sub 2800 : OOB 0.2355 : L 38 : T 54.0 sec
 - d_sub 2800 : OOB 0.2365 : L 39 : T 55.4 sec
 - d_sub 2800 : OOB 0.2356 : L 40 : T 56.9 sec
 - d_sub 2800 : OOB 0.2349 : L 41 : T 58.4 sec
 - d_sub 2800 : OOB 0.2349 : L 42 : T 59.8 sec
 - d_sub 2800 : OOB 0.2349 : L 43 : T 61.4 sec
 - d_sub 2800 : OOB 0.2354 : L 44 : T 62.9 sec
 - d_sub 2800 : OOB 0.2341 : L 45 : T 64.4 sec
 - d_sub 2800 : OOB 0.2341 : L 46 : T 65.9 sec
 - d_sub 2800 : OOB 0.2336 : L 47 : T 67.3 sec
 - d_sub 2800 : OOB 0.2335 : L 48 : T 68.7 sec
 - d_sub 2800 : OOB 0.2340 : L 49 : T 70.2 sec
 - d_sub 2800 : OOB 0.2342 : L 50 : T 71.6 sec
 - d_sub 2800 : OOB 0.2340 : L 51 : T 73.0 sec
 - d_sub 2800 : OOB 0.2334 : L 52 : T 74.6 sec
 - d_sub 2800 : OOB 0.2338 : L 53 : T 76.0 sec
 - d_sub 2800 : OOB 0.2339 : L 54 : T 77.4 sec
 - d_sub 2800 : OOB 0.2333 : L 55 : T 78.7 sec
 - d_sub 2800 : OOB 0.2328 : L 56 : T 80.0 sec
 - d_sub 2800 : OOB 0.2328 : L 57 : T 81.5 sec
 - d_sub 2800 : OOB 0.2319 : L 58 : T 83.0 sec
 - d_sub 2800 : OOB 0.2309 : L 59 : T 84.4 sec
 - d_sub 2800 : OOB 0.2317 : L 60 : T 85.8 sec
 - d_sub 2800 : OOB 0.2317 : L 61 : T 87.1 sec
 - d_sub 2800 : OOB 0.2319 : L 62 : T 88.4 sec
 - d_sub 2800 : OOB 0.2325 : L 63 : T 89.8 sec
 - d_sub 2800 : OOB 0.2326 : L 64 : T 91.2 sec
 - d_sub 2800 : OOB 0.2321 : L 65 : T 92.5 sec
 - d_sub 2800 : OOB 0.2323 : L 66 : T 93.9 sec
 - d_sub 2800 : OOB 0.2325 : L 67 : T 95.3 sec
 - d_sub 2800 : OOB 0.2318 : L 68 : T 96.8 sec
 - d_sub 2800 : OOB 0.2316 : L 69 : T 98.3 sec
 - d_sub 2800 : OOB 0.2321 : L 70 : T 99.8 sec
 - d_sub 2800 : OOB 0.2317 : L 71 : T 101.2 sec
 - d_sub 2800 : OOB 0.2319 : L 72 : T 102.7 sec
 - d_sub 2800 : OOB 0.2318 : L 73 : T 104.2 sec
 - d_sub 2800 : OOB 0.2313 : L 74 : T 105.7 sec
 - d_sub 2800 : OOB 0.2315 : L 75 : T 107.1 sec
 - d_sub 2800 : OOB 0.2311 : L 76 : T 108.5 sec
 - d_sub 2800 : OOB 0.2316 : L 77 : T 110.0 sec
 - d_sub 2800 : OOB 0.2312 : L 78 : T 111.5 sec
 - d_sub 2800 : OOB 0.2309 : L 79 : T 113.1 sec
 - d_sub 2800 : OOB 0.2318 : L 80 : T 114.5 sec
 - d_sub 2800 : OOB 0.2311 : L 81 : T 116.0 sec
 - d_sub 2800 : OOB 0.2312 : L 82 : T 117.5 sec
 - d_sub 2800 : OOB 0.2303 : L 83 : T 118.9 sec
 - d_sub 2800 : OOB 0.2307 : L 84 : T 120.4 sec
 - d_sub 2800 : OOB 0.2307 : L 85 : T 121.8 sec
 - d_sub 2800 : OOB 0.2313 : L 86 : T 123.2 sec
 - d_sub 2800 : OOB 0.2315 : L 87 : T 124.6 sec

 - d_sub 3000 : OOB 0.4134 : L 1 : T 1.5 sec
 - d_sub 3000 : OOB 0.3663 : L 2 : T 3.0 sec
 - d_sub 3000 : OOB 0.3292 : L 3 : T 4.6 sec
 - d_sub 3000 : OOB 0.3074 : L 4 : T 6.2 sec
 - d_sub 3000 : OOB 0.2912 : L 5 : T 7.9 sec
 - d_sub 3000 : OOB 0.2819 : L 6 : T 9.5 sec
 - d_sub 3000 : OOB 0.2724 : L 7 : T 11.2 sec
 - d_sub 3000 : OOB 0.2647 : L 8 : T 12.8 sec
 - d_sub 3000 : OOB 0.2622 : L 9 : T 14.4 sec
 - d_sub 3000 : OOB 0.2576 : L 10 : T 16.1 sec
 - d_sub 3000 : OOB 0.2545 : L 11 : T 17.7 sec
 - d_sub 3000 : OOB 0.2510 : L 12 : T 19.4 sec
 - d_sub 3000 : OOB 0.2479 : L 13 : T 21.2 sec
 - d_sub 3000 : OOB 0.2473 : L 14 : T 23.1 sec
 - d_sub 3000 : OOB 0.2455 : L 15 : T 24.6 sec
 - d_sub 3000 : OOB 0.2456 : L 16 : T 26.4 sec
 - d_sub 3000 : OOB 0.2448 : L 17 : T 27.9 sec
 - d_sub 3000 : OOB 0.2436 : L 18 : T 29.4 sec
 - d_sub 3000 : OOB 0.2417 : L 19 : T 31.0 sec
 - d_sub 3000 : OOB 0.2410 : L 20 : T 32.4 sec
 - d_sub 3000 : OOB 0.2407 : L 21 : T 33.9 sec
 - d_sub 3000 : OOB 0.2393 : L 22 : T 35.5 sec
 - d_sub 3000 : OOB 0.2397 : L 23 : T 37.1 sec
 - d_sub 3000 : OOB 0.2390 : L 24 : T 38.8 sec
 - d_sub 3000 : OOB 0.2382 : L 25 : T 40.5 sec
 - d_sub 3000 : OOB 0.2375 : L 26 : T 42.2 sec
 - d_sub 3000 : OOB 0.2364 : L 27 : T 43.7 sec
 - d_sub 3000 : OOB 0.2372 : L 28 : T 45.4 sec
 - d_sub 3000 : OOB 0.2371 : L 29 : T 46.9 sec
 - d_sub 3000 : OOB 0.2378 : L 30 : T 48.4 sec
 - d_sub 3000 : OOB 0.2369 : L 31 : T 50.1 sec
 - d_sub 3000 : OOB 0.2369 : L 32 : T 51.7 sec
 - d_sub 3000 : OOB 0.2364 : L 33 : T 53.2 sec
 - d_sub 3000 : OOB 0.2350 : L 34 : T 54.9 sec
 - d_sub 3000 : OOB 0.2355 : L 35 : T 56.4 sec
 - d_sub 3000 : OOB 0.2349 : L 36 : T 57.9 sec
 - d_sub 3000 : OOB 0.2342 : L 37 : T 59.5 sec
 - d_sub 3000 : OOB 0.2340 : L 38 : T 61.0 sec
 - d_sub 3000 : OOB 0.2336 : L 39 : T 62.5 sec
 - d_sub 3000 : OOB 0.2344 : L 40 : T 64.0 sec
 - d_sub 3000 : OOB 0.2344 : L 41 : T 65.5 sec
 - d_sub 3000 : OOB 0.2345 : L 42 : T 67.1 sec
 - d_sub 3000 : OOB 0.2341 : L 43 : T 68.6 sec
 - d_sub 3000 : OOB 0.2341 : L 44 : T 70.2 sec
 - d_sub 3000 : OOB 0.2347 : L 45 : T 71.8 sec
 - d_sub 3000 : OOB 0.2341 : L 46 : T 73.3 sec
 - d_sub 3000 : OOB 0.2346 : L 47 : T 74.9 sec
 - d_sub 3000 : OOB 0.2341 : L 48 : T 76.4 sec
 - d_sub 3000 : OOB 0.2340 : L 49 : T 77.9 sec
 - d_sub 3000 : OOB 0.2343 : L 50 : T 79.4 sec
 - d_sub 3000 : OOB 0.2346 : L 51 : T 81.0 sec
 - d_sub 3000 : OOB 0.2340 : L 52 : T 82.6 sec
 - d_sub 3000 : OOB 0.2345 : L 53 : T 84.1 sec
 - d_sub 3000 : OOB 0.2340 : L 54 : T 85.7 sec
 - d_sub 3000 : OOB 0.2335 : L 55 : T 87.2 sec
 - d_sub 3000 : OOB 0.2338 : L 56 : T 88.8 sec
 - d_sub 3000 : OOB 0.2335 : L 57 : T 90.4 sec
 - d_sub 3000 : OOB 0.2343 : L 58 : T 91.9 sec
 - d_sub 3000 : OOB 0.2345 : L 59 : T 93.6 sec
 - d_sub 3000 : OOB 0.2334 : L 60 : T 95.2 sec
 - d_sub 3000 : OOB 0.2345 : L 61 : T 96.7 sec
 - d_sub 3000 : OOB 0.2346 : L 62 : T 98.3 sec
 - d_sub 3000 : OOB 0.2344 : L 63 : T 99.9 sec
 - d_sub 3000 : OOB 0.2346 : L 64 : T 101.4 sec
 - d_sub 3000 : OOB 0.2339 : L 65 : T 103.0 sec
 - d_sub 3000 : OOB 0.2339 : L 66 : T 104.5 sec
 - d_sub 3000 : OOB 0.2332 : L 67 : T 106.0 sec
 - d_sub 3000 : OOB 0.2329 : L 68 : T 107.5 sec
 - d_sub 3000 : OOB 0.2332 : L 69 : T 109.1 sec
 - d_sub 3000 : OOB 0.2334 : L 70 : T 110.7 sec
 - d_sub 3000 : OOB 0.2331 : L 71 : T 112.5 sec
 - d_sub 3000 : OOB 0.2334 : L 72 : T 114.1 sec
# -------------------------
optimal d_sub 2800 : OOB 0.2315 : L 87 : T 827.9 sec
False Alarm Rate: 0.241800
Missed Detection Rate: 0.208400
Average Detection Error Rate: 0.225100
Thu Jul 15 21:03:23 CST 2021
